make[2]: *** No rule to make target 'CMakeFiles/colorsegcudatest.dir/build'.  Stop.
CMakeFiles/Makefile2:67: recipe for target 'CMakeFiles/colorsegcudatest.dir/all' failed
make[1]: *** [CMakeFiles/colorsegcudatest.dir/all] Error 2
Makefile:83: recipe for target 'all' failed
make: *** [all] Error 2
