[ 10%] Building CXX object wam/libwamtiming/src/CMakeFiles/wamtiming.dir/wamarmposer.cc.o
In file included from /home/justin/Research/CHARM/charm/trunk/wam/libwamtiming/src/../../../third-party/libbarrett-1.2.1/include/barrett/units.h:135:0,
                 from /home/justin/Research/CHARM/charm/trunk/wam/libwamtiming/src/../../../third-party/libbarrett-1.2.1/include/barrett/systems/wam.h:43,
                 from /home/justin/Research/CHARM/charm/trunk/wam/libwamtiming/src/../../../third-party/libbarrett-1.2.1/include/barrett/systems.h:43,
                 from /home/justin/Research/CHARM/charm/trunk/wam/libwamtiming/src/../include/wamarmposer.h:4,
                 from /home/justin/Research/CHARM/charm/trunk/wam/libwamtiming/src/wamarmposer.cc:1:
/home/justin/Research/CHARM/charm/trunk/wam/libwamtiming/src/../../../third-party/libbarrett-1.2.1/include/barrett/math/matrix.h:195:3: error: ‘ei_scalar_sum_op’ is not a member of ‘Eigen’
   Eigen::ei_scalar_sum_op<
   ^
/home/justin/Research/CHARM/charm/trunk/wam/libwamtiming/src/../../../third-party/libbarrett-1.2.1/include/barrett/math/matrix.h:195:3: error: ‘ei_scalar_sum_op’ is not a member of ‘Eigen’
/home/justin/Research/CHARM/charm/trunk/wam/libwamtiming/src/../../../third-party/libbarrett-1.2.1/include/barrett/math/matrix.h:196:20: error: ‘ei_traits’ in namespace ‘Eigen’ does not name a type
    typename Eigen::ei_traits<LDerived>::Scalar>,
                    ^
/home/justin/Research/CHARM/charm/trunk/wam/libwamtiming/src/../../../third-party/libbarrett-1.2.1/include/barrett/math/matrix.h:196:29: error: expected ‘(’ before ‘<’ token
    typename Eigen::ei_traits<LDerived>::Scalar>,
                             ^
/home/justin/Research/CHARM/charm/trunk/wam/libwamtiming/src/../../../third-party/libbarrett-1.2.1/include/barrett/math/matrix.h:196:38: error: expected primary-expression before ‘>’ token
    typename Eigen::ei_traits<LDerived>::Scalar>,
                                      ^
/home/justin/Research/CHARM/charm/trunk/wam/libwamtiming/src/../../../third-party/libbarrett-1.2.1/include/barrett/math/matrix.h:196:38: error: wrong number of template arguments (1, should be 3)
In file included from /usr/include/eigen3/Eigen/Core:252:0,
                 from /home/justin/Research/CHARM/charm/trunk/wam/libwamtiming/src/../../../third-party/libbarrett-1.2.1/include/barrett/systems/wam.h:39,
                 from /home/justin/Research/CHARM/charm/trunk/wam/libwamtiming/src/../../../third-party/libbarrett-1.2.1/include/barrett/systems.h:43,
                 from /home/justin/Research/CHARM/charm/trunk/wam/libwamtiming/src/../include/wamarmposer.h:4,
                 from /home/justin/Research/CHARM/charm/trunk/wam/libwamtiming/src/wamarmposer.cc:1:
/usr/include/eigen3/Eigen/src/Core/util/ForwardDeclarations.h:89:65: error: provided for ‘template<class BinaryOp, class Lhs, class Rhs> class Eigen::CwiseBinaryOp’
 template<typename BinaryOp,  typename Lhs, typename Rhs>  class CwiseBinaryOp;
                                                                 ^
In file included from /home/justin/Research/CHARM/charm/trunk/wam/libwamtiming/src/../../../third-party/libbarrett-1.2.1/include/barrett/units.h:135:0,
                 from /home/justin/Research/CHARM/charm/trunk/wam/libwamtiming/src/../../../third-party/libbarrett-1.2.1/include/barrett/systems/wam.h:43,
                 from /home/justin/Research/CHARM/charm/trunk/wam/libwamtiming/src/../../../third-party/libbarrett-1.2.1/include/barrett/systems.h:43,
                 from /home/justin/Research/CHARM/charm/trunk/wam/libwamtiming/src/../include/wamarmposer.h:4,
                 from /home/justin/Research/CHARM/charm/trunk/wam/libwamtiming/src/wamarmposer.cc:1:
/home/justin/Research/CHARM/charm/trunk/wam/libwamtiming/src/../../../third-party/libbarrett-1.2.1/include/barrett/math/matrix.h:196:47: error: expected initializer before ‘>’ token
    typename Eigen::ei_traits<LDerived>::Scalar>,
                                               ^
/home/justin/Research/CHARM/charm/trunk/wam/libwamtiming/src/../../../third-party/libbarrett-1.2.1/include/barrett/math/matrix.h:206:3: error: ‘ei_scalar_difference_op’ is not a member of ‘Eigen’
   Eigen::ei_scalar_difference_op<
   ^
/home/justin/Research/CHARM/charm/trunk/wam/libwamtiming/src/../../../third-party/libbarrett-1.2.1/include/barrett/math/matrix.h:206:3: error: ‘ei_scalar_difference_op’ is not a member of ‘Eigen’
/home/justin/Research/CHARM/charm/trunk/wam/libwamtiming/src/../../../third-party/libbarrett-1.2.1/include/barrett/math/matrix.h:207:20: error: ‘ei_traits’ in namespace ‘Eigen’ does not name a type
    typename Eigen::ei_traits<LDerived>::Scalar>,
                    ^
/home/justin/Research/CHARM/charm/trunk/wam/libwamtiming/src/../../../third-party/libbarrett-1.2.1/include/barrett/math/matrix.h:207:29: error: expected ‘(’ before ‘<’ token
    typename Eigen::ei_traits<LDerived>::Scalar>,
                             ^
/home/justin/Research/CHARM/charm/trunk/wam/libwamtiming/src/../../../third-party/libbarrett-1.2.1/include/barrett/math/matrix.h:207:38: error: expected primary-expression before ‘>’ token
    typename Eigen::ei_traits<LDerived>::Scalar>,
                                      ^
/home/justin/Research/CHARM/charm/trunk/wam/libwamtiming/src/../../../third-party/libbarrett-1.2.1/include/barrett/math/matrix.h:207:38: error: wrong number of template arguments (1, should be 3)
In file included from /usr/include/eigen3/Eigen/Core:252:0,
                 from /home/justin/Research/CHARM/charm/trunk/wam/libwamtiming/src/../../../third-party/libbarrett-1.2.1/include/barrett/systems/wam.h:39,
                 from /home/justin/Research/CHARM/charm/trunk/wam/libwamtiming/src/../../../third-party/libbarrett-1.2.1/include/barrett/systems.h:43,
                 from /home/justin/Research/CHARM/charm/trunk/wam/libwamtiming/src/../include/wamarmposer.h:4,
                 from /home/justin/Research/CHARM/charm/trunk/wam/libwamtiming/src/wamarmposer.cc:1:
/usr/include/eigen3/Eigen/src/Core/util/ForwardDeclarations.h:89:65: error: provided for ‘template<class BinaryOp, class Lhs, class Rhs> class Eigen::CwiseBinaryOp’
 template<typename BinaryOp,  typename Lhs, typename Rhs>  class CwiseBinaryOp;
                                                                 ^
In file included from /home/justin/Research/CHARM/charm/trunk/wam/libwamtiming/src/../../../third-party/libbarrett-1.2.1/include/barrett/units.h:135:0,
                 from /home/justin/Research/CHARM/charm/trunk/wam/libwamtiming/src/../../../third-party/libbarrett-1.2.1/include/barrett/systems/wam.h:43,
                 from /home/justin/Research/CHARM/charm/trunk/wam/libwamtiming/src/../../../third-party/libbarrett-1.2.1/include/barrett/systems.h:43,
                 from /home/justin/Research/CHARM/charm/trunk/wam/libwamtiming/src/../include/wamarmposer.h:4,
                 from /home/justin/Research/CHARM/charm/trunk/wam/libwamtiming/src/wamarmposer.cc:1:
/home/justin/Research/CHARM/charm/trunk/wam/libwamtiming/src/../../../third-party/libbarrett-1.2.1/include/barrett/math/matrix.h:207:47: error: expected initializer before ‘>’ token
    typename Eigen::ei_traits<LDerived>::Scalar>,
                                               ^
/home/justin/Research/CHARM/charm/trunk/wam/libwamtiming/src/../../../third-party/libbarrett-1.2.1/include/barrett/math/matrix.h:217:3: error: ‘ei_scalar_product_op’ is not a member of ‘Eigen’
   Eigen::ei_scalar_product_op<
   ^
/home/justin/Research/CHARM/charm/trunk/wam/libwamtiming/src/../../../third-party/libbarrett-1.2.1/include/barrett/math/matrix.h:217:3: error: ‘ei_scalar_product_op’ is not a member of ‘Eigen’
/home/justin/Research/CHARM/charm/trunk/wam/libwamtiming/src/../../../third-party/libbarrett-1.2.1/include/barrett/math/matrix.h:218:20: error: ‘ei_scalar_product_traits’ in namespace ‘Eigen’ does not name a type
    typename Eigen::ei_scalar_product_traits<
                    ^
/home/justin/Research/CHARM/charm/trunk/wam/libwamtiming/src/../../../third-party/libbarrett-1.2.1/include/barrett/math/matrix.h:218:44: error: expected ‘(’ before ‘<’ token
    typename Eigen::ei_scalar_product_traits<
                                            ^
/home/justin/Research/CHARM/charm/trunk/wam/libwamtiming/src/../../../third-party/libbarrett-1.2.1/include/barrett/math/matrix.h:219:21: error: ‘ei_traits’ in namespace ‘Eigen’ does not name a type
     typename Eigen::ei_traits<LDerived>::Scalar,
                     ^
/home/justin/Research/CHARM/charm/trunk/wam/libwamtiming/src/../../../third-party/libbarrett-1.2.1/include/barrett/math/matrix.h:219:30: error: expected ‘(’ before ‘<’ token
     typename Eigen::ei_traits<LDerived>::Scalar,
                              ^
/home/justin/Research/CHARM/charm/trunk/wam/libwamtiming/src/../../../third-party/libbarrett-1.2.1/include/barrett/math/matrix.h:219:39: error: expected primary-expression before ‘>’ token
     typename Eigen::ei_traits<LDerived>::Scalar,
                                       ^
/home/justin/Research/CHARM/charm/trunk/wam/libwamtiming/src/../../../third-party/libbarrett-1.2.1/include/barrett/math/matrix.h:219:39: error: wrong number of template arguments (1, should be 3)
In file included from /usr/include/eigen3/Eigen/Core:252:0,
                 from /home/justin/Research/CHARM/charm/trunk/wam/libwamtiming/src/../../../third-party/libbarrett-1.2.1/include/barrett/systems/wam.h:39,
                 from /home/justin/Research/CHARM/charm/trunk/wam/libwamtiming/src/../../../third-party/libbarrett-1.2.1/include/barrett/systems.h:43,
                 from /home/justin/Research/CHARM/charm/trunk/wam/libwamtiming/src/../include/wamarmposer.h:4,
                 from /home/justin/Research/CHARM/charm/trunk/wam/libwamtiming/src/wamarmposer.cc:1:
/usr/include/eigen3/Eigen/src/Core/util/ForwardDeclarations.h:89:65: error: provided for ‘template<class BinaryOp, class Lhs, class Rhs> class Eigen::CwiseBinaryOp’
 template<typename BinaryOp,  typename Lhs, typename Rhs>  class CwiseBinaryOp;
                                                                 ^
In file included from /home/justin/Research/CHARM/charm/trunk/wam/libwamtiming/src/../../../third-party/libbarrett-1.2.1/include/barrett/units.h:135:0,
                 from /home/justin/Research/CHARM/charm/trunk/wam/libwamtiming/src/../../../third-party/libbarrett-1.2.1/include/barrett/systems/wam.h:43,
                 from /home/justin/Research/CHARM/charm/trunk/wam/libwamtiming/src/../../../third-party/libbarrett-1.2.1/include/barrett/systems.h:43,
                 from /home/justin/Research/CHARM/charm/trunk/wam/libwamtiming/src/../include/wamarmposer.h:4,
                 from /home/justin/Research/CHARM/charm/trunk/wam/libwamtiming/src/wamarmposer.cc:1:
/home/justin/Research/CHARM/charm/trunk/wam/libwamtiming/src/../../../third-party/libbarrett-1.2.1/include/barrett/math/matrix.h:219:42: error: ‘Scalar’ does not name a type
     typename Eigen::ei_traits<LDerived>::Scalar,
                                          ^
/home/justin/Research/CHARM/charm/trunk/wam/libwamtiming/src/../../../third-party/libbarrett-1.2.1/include/barrett/math/matrix.h:232:3: error: ‘ei_scalar_quotient_op’ is not a member of ‘Eigen’
   Eigen::ei_scalar_quotient_op<typename Eigen::ei_traits<LDerived>::Scalar>,
   ^
/home/justin/Research/CHARM/charm/trunk/wam/libwamtiming/src/../../../third-party/libbarrett-1.2.1/include/barrett/math/matrix.h:232:3: error: ‘ei_scalar_quotient_op’ is not a member of ‘Eigen’
/home/justin/Research/CHARM/charm/trunk/wam/libwamtiming/src/../../../third-party/libbarrett-1.2.1/include/barrett/math/matrix.h:232:48: error: ‘ei_traits’ in namespace ‘Eigen’ does not name a type
   Eigen::ei_scalar_quotient_op<typename Eigen::ei_traits<LDerived>::Scalar>,
                                                ^
/home/justin/Research/CHARM/charm/trunk/wam/libwamtiming/src/../../../third-party/libbarrett-1.2.1/include/barrett/math/matrix.h:232:57: error: expected ‘(’ before ‘<’ token
   Eigen::ei_scalar_quotient_op<typename Eigen::ei_traits<LDerived>::Scalar>,
                                                         ^
/home/justin/Research/CHARM/charm/trunk/wam/libwamtiming/src/../../../third-party/libbarrett-1.2.1/include/barrett/math/matrix.h:232:66: error: expected primary-expression before ‘>’ token
   Eigen::ei_scalar_quotient_op<typename Eigen::ei_traits<LDerived>::Scalar>,
                                                                  ^
/home/justin/Research/CHARM/charm/trunk/wam/libwamtiming/src/../../../third-party/libbarrett-1.2.1/include/barrett/math/matrix.h:232:66: error: wrong number of template arguments (1, should be 3)
In file included from /usr/include/eigen3/Eigen/Core:252:0,
                 from /home/justin/Research/CHARM/charm/trunk/wam/libwamtiming/src/../../../third-party/libbarrett-1.2.1/include/barrett/systems/wam.h:39,
                 from /home/justin/Research/CHARM/charm/trunk/wam/libwamtiming/src/../../../third-party/libbarrett-1.2.1/include/barrett/systems.h:43,
                 from /home/justin/Research/CHARM/charm/trunk/wam/libwamtiming/src/../include/wamarmposer.h:4,
                 from /home/justin/Research/CHARM/charm/trunk/wam/libwamtiming/src/wamarmposer.cc:1:
/usr/include/eigen3/Eigen/src/Core/util/ForwardDeclarations.h:89:65: error: provided for ‘template<class BinaryOp, class Lhs, class Rhs> class Eigen::CwiseBinaryOp’
 template<typename BinaryOp,  typename Lhs, typename Rhs>  class CwiseBinaryOp;
                                                                 ^
In file included from /home/justin/Research/CHARM/charm/trunk/wam/libwamtiming/src/../../../third-party/libbarrett-1.2.1/include/barrett/units.h:135:0,
                 from /home/justin/Research/CHARM/charm/trunk/wam/libwamtiming/src/../../../third-party/libbarrett-1.2.1/include/barrett/systems/wam.h:43,
                 from /home/justin/Research/CHARM/charm/trunk/wam/libwamtiming/src/../../../third-party/libbarrett-1.2.1/include/barrett/systems.h:43,
                 from /home/justin/Research/CHARM/charm/trunk/wam/libwamtiming/src/../include/wamarmposer.h:4,
                 from /home/justin/Research/CHARM/charm/trunk/wam/libwamtiming/src/wamarmposer.cc:1:
/home/justin/Research/CHARM/charm/trunk/wam/libwamtiming/src/../../../third-party/libbarrett-1.2.1/include/barrett/math/matrix.h:232:69: error: ‘Scalar’ does not name a type
   Eigen::ei_scalar_quotient_op<typename Eigen::ei_traits<LDerived>::Scalar>,
                                                                     ^
/home/justin/Research/CHARM/charm/trunk/wam/libwamtiming/src/../../../third-party/libbarrett-1.2.1/include/barrett/math/matrix.h:244:3: error: ‘ei_scalar_add_op’ is not a member of ‘Eigen’
   Eigen::ei_scalar_add_op<typename Eigen::ei_traits<Derived>::Scalar>,
   ^
/home/justin/Research/CHARM/charm/trunk/wam/libwamtiming/src/../../../third-party/libbarrett-1.2.1/include/barrett/math/matrix.h:244:3: error: ‘ei_scalar_add_op’ is not a member of ‘Eigen’
/home/justin/Research/CHARM/charm/trunk/wam/libwamtiming/src/../../../third-party/libbarrett-1.2.1/include/barrett/math/matrix.h:244:43: error: ‘ei_traits’ in namespace ‘Eigen’ does not name a type
   Eigen::ei_scalar_add_op<typename Eigen::ei_traits<Derived>::Scalar>,
                                           ^
/home/justin/Research/CHARM/charm/trunk/wam/libwamtiming/src/../../../third-party/libbarrett-1.2.1/include/barrett/math/matrix.h:244:52: error: expected ‘(’ before ‘<’ token
   Eigen::ei_scalar_add_op<typename Eigen::ei_traits<Derived>::Scalar>,
                                                    ^
/home/justin/Research/CHARM/charm/trunk/wam/libwamtiming/src/../../../third-party/libbarrett-1.2.1/include/barrett/math/matrix.h:244:60: error: expected primary-expression before ‘>’ token
   Eigen::ei_scalar_add_op<typename Eigen::ei_traits<Derived>::Scalar>,
                                                            ^
/home/justin/Research/CHARM/charm/trunk/wam/libwamtiming/src/../../../third-party/libbarrett-1.2.1/include/barrett/math/matrix.h:244:60: error: wrong number of template arguments (1, should be 2)
In file included from /usr/include/eigen3/Eigen/Core:252:0,
                 from /home/justin/Research/CHARM/charm/trunk/wam/libwamtiming/src/../../../third-party/libbarrett-1.2.1/include/barrett/systems/wam.h:39,
                 from /home/justin/Research/CHARM/charm/trunk/wam/libwamtiming/src/../../../third-party/libbarrett-1.2.1/include/barrett/systems.h:43,
                 from /home/justin/Research/CHARM/charm/trunk/wam/libwamtiming/src/../include/wamarmposer.h:4,
                 from /home/justin/Research/CHARM/charm/trunk/wam/libwamtiming/src/wamarmposer.cc:1:
/usr/include/eigen3/Eigen/src/Core/util/ForwardDeclarations.h:87:65: error: provided for ‘template<class UnaryOp, class MatrixType> class Eigen::CwiseUnaryOp’
 template<typename UnaryOp,   typename MatrixType>         class CwiseUnaryOp;
                                                                 ^
In file included from /home/justin/Research/CHARM/charm/trunk/wam/libwamtiming/src/../../../third-party/libbarrett-1.2.1/include/barrett/units.h:135:0,
                 from /home/justin/Research/CHARM/charm/trunk/wam/libwamtiming/src/../../../third-party/libbarrett-1.2.1/include/barrett/systems/wam.h:43,
                 from /home/justin/Research/CHARM/charm/trunk/wam/libwamtiming/src/../../../third-party/libbarrett-1.2.1/include/barrett/systems.h:43,
                 from /home/justin/Research/CHARM/charm/trunk/wam/libwamtiming/src/../include/wamarmposer.h:4,
                 from /home/justin/Research/CHARM/charm/trunk/wam/libwamtiming/src/wamarmposer.cc:1:
/home/justin/Research/CHARM/charm/trunk/wam/libwamtiming/src/../../../third-party/libbarrett-1.2.1/include/barrett/math/matrix.h:244:69: error: expected initializer before ‘>’ token
   Eigen::ei_scalar_add_op<typename Eigen::ei_traits<Derived>::Scalar>,
                                                                     ^
/home/justin/Research/CHARM/charm/trunk/wam/libwamtiming/src/../../../third-party/libbarrett-1.2.1/include/barrett/math/matrix.h:253:3: error: ‘ei_scalar_add_op’ is not a member of ‘Eigen’
   Eigen::ei_scalar_add_op<typename Eigen::ei_traits<Derived>::Scalar>,
   ^
/home/justin/Research/CHARM/charm/trunk/wam/libwamtiming/src/../../../third-party/libbarrett-1.2.1/include/barrett/math/matrix.h:253:3: error: ‘ei_scalar_add_op’ is not a member of ‘Eigen’
/home/justin/Research/CHARM/charm/trunk/wam/libwamtiming/src/../../../third-party/libbarrett-1.2.1/include/barrett/math/matrix.h:253:43: error: ‘ei_traits’ in namespace ‘Eigen’ does not name a type
   Eigen::ei_scalar_add_op<typename Eigen::ei_traits<Derived>::Scalar>,
                                           ^
/home/justin/Research/CHARM/charm/trunk/wam/libwamtiming/src/../../../third-party/libbarrett-1.2.1/include/barrett/math/matrix.h:253:52: error: expected ‘(’ before ‘<’ token
   Eigen::ei_scalar_add_op<typename Eigen::ei_traits<Derived>::Scalar>,
                                                    ^
/home/justin/Research/CHARM/charm/trunk/wam/libwamtiming/src/../../../third-party/libbarrett-1.2.1/include/barrett/math/matrix.h:253:60: error: expected primary-expression before ‘>’ token
   Eigen::ei_scalar_add_op<typename Eigen::ei_traits<Derived>::Scalar>,
                                                            ^
/home/justin/Research/CHARM/charm/trunk/wam/libwamtiming/src/../../../third-party/libbarrett-1.2.1/include/barrett/math/matrix.h:253:60: error: wrong number of template arguments (1, should be 2)
In file included from /usr/include/eigen3/Eigen/Core:252:0,
                 from /home/justin/Research/CHARM/charm/trunk/wam/libwamtiming/src/../../../third-party/libbarrett-1.2.1/include/barrett/systems/wam.h:39,
                 from /home/justin/Research/CHARM/charm/trunk/wam/libwamtiming/src/../../../third-party/libbarrett-1.2.1/include/barrett/systems.h:43,
                 from /home/justin/Research/CHARM/charm/trunk/wam/libwamtiming/src/../include/wamarmposer.h:4,
                 from /home/justin/Research/CHARM/charm/trunk/wam/libwamtiming/src/wamarmposer.cc:1:
/usr/include/eigen3/Eigen/src/Core/util/ForwardDeclarations.h:87:65: error: provided for ‘template<class UnaryOp, class MatrixType> class Eigen::CwiseUnaryOp’
 template<typename UnaryOp,   typename MatrixType>         class CwiseUnaryOp;
                                                                 ^
In file included from /home/justin/Research/CHARM/charm/trunk/wam/libwamtiming/src/../../../third-party/libbarrett-1.2.1/include/barrett/units.h:135:0,
                 from /home/justin/Research/CHARM/charm/trunk/wam/libwamtiming/src/../../../third-party/libbarrett-1.2.1/include/barrett/systems/wam.h:43,
                 from /home/justin/Research/CHARM/charm/trunk/wam/libwamtiming/src/../../../third-party/libbarrett-1.2.1/include/barrett/systems.h:43,
                 from /home/justin/Research/CHARM/charm/trunk/wam/libwamtiming/src/../include/wamarmposer.h:4,
                 from /home/justin/Research/CHARM/charm/trunk/wam/libwamtiming/src/wamarmposer.cc:1:
/home/justin/Research/CHARM/charm/trunk/wam/libwamtiming/src/../../../third-party/libbarrett-1.2.1/include/barrett/math/matrix.h:253:69: error: expected initializer before ‘>’ token
   Eigen::ei_scalar_add_op<typename Eigen::ei_traits<Derived>::Scalar>,
                                                                     ^
/home/justin/Research/CHARM/charm/trunk/wam/libwamtiming/src/../../../third-party/libbarrett-1.2.1/include/barrett/math/matrix.h:262:3: error: ‘ei_scalar_add_op’ is not a member of ‘Eigen’
   Eigen::ei_scalar_add_op<typename Eigen::ei_traits<Derived>::Scalar>,
   ^
/home/justin/Research/CHARM/charm/trunk/wam/libwamtiming/src/../../../third-party/libbarrett-1.2.1/include/barrett/math/matrix.h:262:3: error: ‘ei_scalar_add_op’ is not a member of ‘Eigen’
/home/justin/Research/CHARM/charm/trunk/wam/libwamtiming/src/../../../third-party/libbarrett-1.2.1/include/barrett/math/matrix.h:262:43: error: ‘ei_traits’ in namespace ‘Eigen’ does not name a type
   Eigen::ei_scalar_add_op<typename Eigen::ei_traits<Derived>::Scalar>,
                                           ^
/home/justin/Research/CHARM/charm/trunk/wam/libwamtiming/src/../../../third-party/libbarrett-1.2.1/include/barrett/math/matrix.h:262:52: error: expected ‘(’ before ‘<’ token
   Eigen::ei_scalar_add_op<typename Eigen::ei_traits<Derived>::Scalar>,
                                                    ^
/home/justin/Research/CHARM/charm/trunk/wam/libwamtiming/src/../../../third-party/libbarrett-1.2.1/include/barrett/math/matrix.h:262:60: error: expected primary-expression before ‘>’ token
   Eigen::ei_scalar_add_op<typename Eigen::ei_traits<Derived>::Scalar>,
                                                            ^
/home/justin/Research/CHARM/charm/trunk/wam/libwamtiming/src/../../../third-party/libbarrett-1.2.1/include/barrett/math/matrix.h:262:60: error: wrong number of template arguments (1, should be 2)
In file included from /usr/include/eigen3/Eigen/Core:252:0,
                 from /home/justin/Research/CHARM/charm/trunk/wam/libwamtiming/src/../../../third-party/libbarrett-1.2.1/include/barrett/systems/wam.h:39,
                 from /home/justin/Research/CHARM/charm/trunk/wam/libwamtiming/src/../../../third-party/libbarrett-1.2.1/include/barrett/systems.h:43,
                 from /home/justin/Research/CHARM/charm/trunk/wam/libwamtiming/src/../include/wamarmposer.h:4,
                 from /home/justin/Research/CHARM/charm/trunk/wam/libwamtiming/src/wamarmposer.cc:1:
/usr/include/eigen3/Eigen/src/Core/util/ForwardDeclarations.h:87:65: error: provided for ‘template<class UnaryOp, class MatrixType> class Eigen::CwiseUnaryOp’
 template<typename UnaryOp,   typename MatrixType>         class CwiseUnaryOp;
                                                                 ^
In file included from /home/justin/Research/CHARM/charm/trunk/wam/libwamtiming/src/../../../third-party/libbarrett-1.2.1/include/barrett/units.h:135:0,
                 from /home/justin/Research/CHARM/charm/trunk/wam/libwamtiming/src/../../../third-party/libbarrett-1.2.1/include/barrett/systems/wam.h:43,
                 from /home/justin/Research/CHARM/charm/trunk/wam/libwamtiming/src/../../../third-party/libbarrett-1.2.1/include/barrett/systems.h:43,
                 from /home/justin/Research/CHARM/charm/trunk/wam/libwamtiming/src/../include/wamarmposer.h:4,
                 from /home/justin/Research/CHARM/charm/trunk/wam/libwamtiming/src/wamarmposer.cc:1:
/home/justin/Research/CHARM/charm/trunk/wam/libwamtiming/src/../../../third-party/libbarrett-1.2.1/include/barrett/math/matrix.h:262:69: error: expected initializer before ‘>’ token
   Eigen::ei_scalar_add_op<typename Eigen::ei_traits<Derived>::Scalar>,
                                                                     ^
/home/justin/Research/CHARM/charm/trunk/wam/libwamtiming/src/../../../third-party/libbarrett-1.2.1/include/barrett/math/matrix.h:271:3: error: ‘ei_scalar_opposite_op’ is not a member of ‘Eigen’
   Eigen::ei_scalar_opposite_op<typename Eigen::ei_traits<Derived>::Scalar>,
   ^
/home/justin/Research/CHARM/charm/trunk/wam/libwamtiming/src/../../../third-party/libbarrett-1.2.1/include/barrett/math/matrix.h:271:3: error: ‘ei_scalar_opposite_op’ is not a member of ‘Eigen’
/home/justin/Research/CHARM/charm/trunk/wam/libwamtiming/src/../../../third-party/libbarrett-1.2.1/include/barrett/math/matrix.h:271:48: error: ‘ei_traits’ in namespace ‘Eigen’ does not name a type
   Eigen::ei_scalar_opposite_op<typename Eigen::ei_traits<Derived>::Scalar>,
                                                ^
/home/justin/Research/CHARM/charm/trunk/wam/libwamtiming/src/../../../third-party/libbarrett-1.2.1/include/barrett/math/matrix.h:271:57: error: expected ‘(’ before ‘<’ token
   Eigen::ei_scalar_opposite_op<typename Eigen::ei_traits<Derived>::Scalar>,
                                                         ^
/home/justin/Research/CHARM/charm/trunk/wam/libwamtiming/src/../../../third-party/libbarrett-1.2.1/include/barrett/math/matrix.h:271:65: error: expected primary-expression before ‘>’ token
   Eigen::ei_scalar_opposite_op<typename Eigen::ei_traits<Derived>::Scalar>,
                                                                 ^
/home/justin/Research/CHARM/charm/trunk/wam/libwamtiming/src/../../../third-party/libbarrett-1.2.1/include/barrett/math/matrix.h:271:65: error: wrong number of template arguments (1, should be 2)
In file included from /usr/include/eigen3/Eigen/Core:252:0,
                 from /home/justin/Research/CHARM/charm/trunk/wam/libwamtiming/src/../../../third-party/libbarrett-1.2.1/include/barrett/systems/wam.h:39,
                 from /home/justin/Research/CHARM/charm/trunk/wam/libwamtiming/src/../../../third-party/libbarrett-1.2.1/include/barrett/systems.h:43,
                 from /home/justin/Research/CHARM/charm/trunk/wam/libwamtiming/src/../include/wamarmposer.h:4,
                 from /home/justin/Research/CHARM/charm/trunk/wam/libwamtiming/src/wamarmposer.cc:1:
/usr/include/eigen3/Eigen/src/Core/util/ForwardDeclarations.h:87:65: error: provided for ‘template<class UnaryOp, class MatrixType> class Eigen::CwiseUnaryOp’
 template<typename UnaryOp,   typename MatrixType>         class CwiseUnaryOp;
                                                                 ^
In file included from /home/justin/Research/CHARM/charm/trunk/wam/libwamtiming/src/../../../third-party/libbarrett-1.2.1/include/barrett/units.h:135:0,
                 from /home/justin/Research/CHARM/charm/trunk/wam/libwamtiming/src/../../../third-party/libbarrett-1.2.1/include/barrett/systems/wam.h:43,
                 from /home/justin/Research/CHARM/charm/trunk/wam/libwamtiming/src/../../../third-party/libbarrett-1.2.1/include/barrett/systems.h:43,
                 from /home/justin/Research/CHARM/charm/trunk/wam/libwamtiming/src/../include/wamarmposer.h:4,
                 from /home/justin/Research/CHARM/charm/trunk/wam/libwamtiming/src/wamarmposer.cc:1:
/home/justin/Research/CHARM/charm/trunk/wam/libwamtiming/src/../../../third-party/libbarrett-1.2.1/include/barrett/math/matrix.h:271:74: error: expected initializer before ‘>’ token
   Eigen::ei_scalar_opposite_op<typename Eigen::ei_traits<Derived>::Scalar>,
                                                                          ^
/home/justin/Research/CHARM/charm/trunk/wam/libwamtiming/src/../../../third-party/libbarrett-1.2.1/include/barrett/math/matrix.h:297:3: error: ‘ei_scalar_multiple_op’ is not a member of ‘Eigen’
   Eigen::ei_scalar_multiple_op<typename Eigen::ei_traits<Derived>::Scalar>,
   ^
/home/justin/Research/CHARM/charm/trunk/wam/libwamtiming/src/../../../third-party/libbarrett-1.2.1/include/barrett/math/matrix.h:297:3: error: ‘ei_scalar_multiple_op’ is not a member of ‘Eigen’
/home/justin/Research/CHARM/charm/trunk/wam/libwamtiming/src/../../../third-party/libbarrett-1.2.1/include/barrett/math/matrix.h:297:48: error: ‘ei_traits’ in namespace ‘Eigen’ does not name a type
   Eigen::ei_scalar_multiple_op<typename Eigen::ei_traits<Derived>::Scalar>,
                                                ^
/home/justin/Research/CHARM/charm/trunk/wam/libwamtiming/src/../../../third-party/libbarrett-1.2.1/include/barrett/math/matrix.h:297:57: error: expected ‘(’ before ‘<’ token
   Eigen::ei_scalar_multiple_op<typename Eigen::ei_traits<Derived>::Scalar>,
                                                         ^
/home/justin/Research/CHARM/charm/trunk/wam/libwamtiming/src/../../../third-party/libbarrett-1.2.1/include/barrett/math/matrix.h:297:65: error: expected primary-expression before ‘>’ token
   Eigen::ei_scalar_multiple_op<typename Eigen::ei_traits<Derived>::Scalar>,
                                                                 ^
/home/justin/Research/CHARM/charm/trunk/wam/libwamtiming/src/../../../third-party/libbarrett-1.2.1/include/barrett/math/matrix.h:297:65: error: wrong number of template arguments (1, should be 2)
In file included from /usr/include/eigen3/Eigen/Core:252:0,
                 from /home/justin/Research/CHARM/charm/trunk/wam/libwamtiming/src/../../../third-party/libbarrett-1.2.1/include/barrett/systems/wam.h:39,
                 from /home/justin/Research/CHARM/charm/trunk/wam/libwamtiming/src/../../../third-party/libbarrett-1.2.1/include/barrett/systems.h:43,
                 from /home/justin/Research/CHARM/charm/trunk/wam/libwamtiming/src/../include/wamarmposer.h:4,
                 from /home/justin/Research/CHARM/charm/trunk/wam/libwamtiming/src/wamarmposer.cc:1:
/usr/include/eigen3/Eigen/src/Core/util/ForwardDeclarations.h:87:65: error: provided for ‘template<class UnaryOp, class MatrixType> class Eigen::CwiseUnaryOp’
 template<typename UnaryOp,   typename MatrixType>         class CwiseUnaryOp;
                                                                 ^
In file included from /home/justin/Research/CHARM/charm/trunk/wam/libwamtiming/src/../../../third-party/libbarrett-1.2.1/include/barrett/units.h:135:0,
                 from /home/justin/Research/CHARM/charm/trunk/wam/libwamtiming/src/../../../third-party/libbarrett-1.2.1/include/barrett/systems/wam.h:43,
                 from /home/justin/Research/CHARM/charm/trunk/wam/libwamtiming/src/../../../third-party/libbarrett-1.2.1/include/barrett/systems.h:43,
                 from /home/justin/Research/CHARM/charm/trunk/wam/libwamtiming/src/../include/wamarmposer.h:4,
                 from /home/justin/Research/CHARM/charm/trunk/wam/libwamtiming/src/wamarmposer.cc:1:
/home/justin/Research/CHARM/charm/trunk/wam/libwamtiming/src/../../../third-party/libbarrett-1.2.1/include/barrett/math/matrix.h:297:74: error: expected initializer before ‘>’ token
   Eigen::ei_scalar_multiple_op<typename Eigen::ei_traits<Derived>::Scalar>,
                                                                          ^
/home/justin/Research/CHARM/charm/trunk/wam/libwamtiming/src/../../../third-party/libbarrett-1.2.1/include/barrett/math/matrix.h:306:3: error: ‘ei_scalar_multiple_op’ is not a member of ‘Eigen’
   Eigen::ei_scalar_multiple_op<typename Eigen::ei_traits<Derived>::Scalar>,
   ^
/home/justin/Research/CHARM/charm/trunk/wam/libwamtiming/src/../../../third-party/libbarrett-1.2.1/include/barrett/math/matrix.h:306:3: error: ‘ei_scalar_multiple_op’ is not a member of ‘Eigen’
/home/justin/Research/CHARM/charm/trunk/wam/libwamtiming/src/../../../third-party/libbarrett-1.2.1/include/barrett/math/matrix.h:306:48: error: ‘ei_traits’ in namespace ‘Eigen’ does not name a type
   Eigen::ei_scalar_multiple_op<typename Eigen::ei_traits<Derived>::Scalar>,
                                                ^
/home/justin/Research/CHARM/charm/trunk/wam/libwamtiming/src/../../../third-party/libbarrett-1.2.1/include/barrett/math/matrix.h:306:57: error: expected ‘(’ before ‘<’ token
   Eigen::ei_scalar_multiple_op<typename Eigen::ei_traits<Derived>::Scalar>,
                                                         ^
/home/justin/Research/CHARM/charm/trunk/wam/libwamtiming/src/../../../third-party/libbarrett-1.2.1/include/barrett/math/matrix.h:306:65: error: expected primary-expression before ‘>’ token
   Eigen::ei_scalar_multiple_op<typename Eigen::ei_traits<Derived>::Scalar>,
                                                                 ^
/home/justin/Research/CHARM/charm/trunk/wam/libwamtiming/src/../../../third-party/libbarrett-1.2.1/include/barrett/math/matrix.h:306:65: error: wrong number of template arguments (1, should be 2)
In file included from /usr/include/eigen3/Eigen/Core:252:0,
                 from /home/justin/Research/CHARM/charm/trunk/wam/libwamtiming/src/../../../third-party/libbarrett-1.2.1/include/barrett/systems/wam.h:39,
                 from /home/justin/Research/CHARM/charm/trunk/wam/libwamtiming/src/../../../third-party/libbarrett-1.2.1/include/barrett/systems.h:43,
                 from /home/justin/Research/CHARM/charm/trunk/wam/libwamtiming/src/../include/wamarmposer.h:4,
                 from /home/justin/Research/CHARM/charm/trunk/wam/libwamtiming/src/wamarmposer.cc:1:
/usr/include/eigen3/Eigen/src/Core/util/ForwardDeclarations.h:87:65: error: provided for ‘template<class UnaryOp, class MatrixType> class Eigen::CwiseUnaryOp’
 template<typename UnaryOp,   typename MatrixType>         class CwiseUnaryOp;
                                                                 ^
In file included from /home/justin/Research/CHARM/charm/trunk/wam/libwamtiming/src/../../../third-party/libbarrett-1.2.1/include/barrett/units.h:135:0,
                 from /home/justin/Research/CHARM/charm/trunk/wam/libwamtiming/src/../../../third-party/libbarrett-1.2.1/include/barrett/systems/wam.h:43,
                 from /home/justin/Research/CHARM/charm/trunk/wam/libwamtiming/src/../../../third-party/libbarrett-1.2.1/include/barrett/systems.h:43,
                 from /home/justin/Research/CHARM/charm/trunk/wam/libwamtiming/src/../include/wamarmposer.h:4,
                 from /home/justin/Research/CHARM/charm/trunk/wam/libwamtiming/src/wamarmposer.cc:1:
/home/justin/Research/CHARM/charm/trunk/wam/libwamtiming/src/../../../third-party/libbarrett-1.2.1/include/barrett/math/matrix.h:306:74: error: expected initializer before ‘>’ token
   Eigen::ei_scalar_multiple_op<typename Eigen::ei_traits<Derived>::Scalar>,
                                                                          ^
/home/justin/Research/CHARM/charm/trunk/wam/libwamtiming/src/../../../third-party/libbarrett-1.2.1/include/barrett/math/matrix.h:315:3: error: ‘ei_scalar_quotient1_op’ is not a member of ‘Eigen’
   Eigen::ei_scalar_quotient1_op<typename Eigen::ei_traits<Derived>::Scalar>,
   ^
/home/justin/Research/CHARM/charm/trunk/wam/libwamtiming/src/../../../third-party/libbarrett-1.2.1/include/barrett/math/matrix.h:315:3: error: ‘ei_scalar_quotient1_op’ is not a member of ‘Eigen’
/home/justin/Research/CHARM/charm/trunk/wam/libwamtiming/src/../../../third-party/libbarrett-1.2.1/include/barrett/math/matrix.h:315:49: error: ‘ei_traits’ in namespace ‘Eigen’ does not name a type
   Eigen::ei_scalar_quotient1_op<typename Eigen::ei_traits<Derived>::Scalar>,
                                                 ^
/home/justin/Research/CHARM/charm/trunk/wam/libwamtiming/src/../../../third-party/libbarrett-1.2.1/include/barrett/math/matrix.h:315:58: error: expected ‘(’ before ‘<’ token
   Eigen::ei_scalar_quotient1_op<typename Eigen::ei_traits<Derived>::Scalar>,
                                                          ^
/home/justin/Research/CHARM/charm/trunk/wam/libwamtiming/src/../../../third-party/libbarrett-1.2.1/include/barrett/math/matrix.h:315:66: error: expected primary-expression before ‘>’ token
   Eigen::ei_scalar_quotient1_op<typename Eigen::ei_traits<Derived>::Scalar>,
                                                                  ^
/home/justin/Research/CHARM/charm/trunk/wam/libwamtiming/src/../../../third-party/libbarrett-1.2.1/include/barrett/math/matrix.h:315:66: error: wrong number of template arguments (1, should be 2)
In file included from /usr/include/eigen3/Eigen/Core:252:0,
                 from /home/justin/Research/CHARM/charm/trunk/wam/libwamtiming/src/../../../third-party/libbarrett-1.2.1/include/barrett/systems/wam.h:39,
                 from /home/justin/Research/CHARM/charm/trunk/wam/libwamtiming/src/../../../third-party/libbarrett-1.2.1/include/barrett/systems.h:43,
                 from /home/justin/Research/CHARM/charm/trunk/wam/libwamtiming/src/../include/wamarmposer.h:4,
                 from /home/justin/Research/CHARM/charm/trunk/wam/libwamtiming/src/wamarmposer.cc:1:
/usr/include/eigen3/Eigen/src/Core/util/ForwardDeclarations.h:87:65: error: provided for ‘template<class UnaryOp, class MatrixType> class Eigen::CwiseUnaryOp’
 template<typename UnaryOp,   typename MatrixType>         class CwiseUnaryOp;
                                                                 ^
In file included from /home/justin/Research/CHARM/charm/trunk/wam/libwamtiming/src/../../../third-party/libbarrett-1.2.1/include/barrett/units.h:135:0,
                 from /home/justin/Research/CHARM/charm/trunk/wam/libwamtiming/src/../../../third-party/libbarrett-1.2.1/include/barrett/systems/wam.h:43,
                 from /home/justin/Research/CHARM/charm/trunk/wam/libwamtiming/src/../../../third-party/libbarrett-1.2.1/include/barrett/systems.h:43,
                 from /home/justin/Research/CHARM/charm/trunk/wam/libwamtiming/src/../include/wamarmposer.h:4,
                 from /home/justin/Research/CHARM/charm/trunk/wam/libwamtiming/src/wamarmposer.cc:1:
/home/justin/Research/CHARM/charm/trunk/wam/libwamtiming/src/../../../third-party/libbarrett-1.2.1/include/barrett/math/matrix.h:315:75: error: expected initializer before ‘>’ token
   Eigen::ei_scalar_quotient1_op<typename Eigen::ei_traits<Derived>::Scalar>,
                                                                           ^
In file included from /home/justin/Research/CHARM/charm/trunk/wam/libwamtiming/src/../../../third-party/libbarrett-1.2.1/include/barrett/products/motor_puck.h:16:0,
                 from /home/justin/Research/CHARM/charm/trunk/wam/libwamtiming/src/../../../third-party/libbarrett-1.2.1/include/barrett/products/low_level_wam.h:22,
                 from /home/justin/Research/CHARM/charm/trunk/wam/libwamtiming/src/../../../third-party/libbarrett-1.2.1/include/barrett/systems/wam.h:44,
                 from /home/justin/Research/CHARM/charm/trunk/wam/libwamtiming/src/../../../third-party/libbarrett-1.2.1/include/barrett/systems.h:43,
                 from /home/justin/Research/CHARM/charm/trunk/wam/libwamtiming/src/../include/wamarmposer.h:4,
                 from /home/justin/Research/CHARM/charm/trunk/wam/libwamtiming/src/wamarmposer.cc:1:
/home/justin/Research/CHARM/charm/trunk/wam/libwamtiming/src/../../../third-party/libbarrett-1.2.1/include/barrett/math/utils.h:64:38: error: ‘ei_traits’ in namespace ‘Eigen’ does not name a type
  detail::CwiseSignOp<typename Eigen::ei_traits<Derived>::Scalar>,
                                      ^
/home/justin/Research/CHARM/charm/trunk/wam/libwamtiming/src/../../../third-party/libbarrett-1.2.1/include/barrett/math/utils.h:64:47: error: expected template-argument before ‘<’ token
  detail::CwiseSignOp<typename Eigen::ei_traits<Derived>::Scalar>,
                                               ^
/home/justin/Research/CHARM/charm/trunk/wam/libwamtiming/src/../../../third-party/libbarrett-1.2.1/include/barrett/math/utils.h:64:47: error: expected ‘>’ before ‘<’ token
/home/justin/Research/CHARM/charm/trunk/wam/libwamtiming/src/../../../third-party/libbarrett-1.2.1/include/barrett/math/utils.h:64:64: error: template argument 1 is invalid
  detail::CwiseSignOp<typename Eigen::ei_traits<Derived>::Scalar>,
                                                                ^
/home/justin/Research/CHARM/charm/trunk/wam/libwamtiming/src/../../../third-party/libbarrett-1.2.1/include/barrett/math/utils.h:64:65: error: expected ‘::’ before ‘,’ token
  detail::CwiseSignOp<typename Eigen::ei_traits<Derived>::Scalar>,
                                                                 ^
/home/justin/Research/CHARM/charm/trunk/wam/libwamtiming/src/../../../third-party/libbarrett-1.2.1/include/barrett/math/utils.h:64:65: error: expected identifier before ‘,’ token
/home/justin/Research/CHARM/charm/trunk/wam/libwamtiming/src/../../../third-party/libbarrett-1.2.1/include/barrett/math/utils.h:66:1: error: template argument 1 is invalid
 > sign(const Eigen::MatrixBase<Derived>& x);
 ^
/home/justin/Research/CHARM/charm/trunk/wam/libwamtiming/src/../../../third-party/libbarrett-1.2.1/include/barrett/math/utils.h:66:3: error: expected ‘::’ before ‘sign’
 > sign(const Eigen::MatrixBase<Derived>& x);
   ^
/home/justin/Research/CHARM/charm/trunk/wam/libwamtiming/src/../../../third-party/libbarrett-1.2.1/include/barrett/math/utils.h:66:44: error: invalid type in declaration before ‘;’ token
 > sign(const Eigen::MatrixBase<Derived>& x);
                                            ^
/home/justin/Research/CHARM/charm/trunk/wam/libwamtiming/src/../../../third-party/libbarrett-1.2.1/include/barrett/math/utils.h:81:2: error: ‘ei_scalar_abs_op’ is not a member of ‘Eigen’
  Eigen::ei_scalar_abs_op<typename Eigen::ei_traits<Derived>::Scalar>,
  ^
/home/justin/Research/CHARM/charm/trunk/wam/libwamtiming/src/../../../third-party/libbarrett-1.2.1/include/barrett/math/utils.h:81:2: error: ‘ei_scalar_abs_op’ is not a member of ‘Eigen’
/home/justin/Research/CHARM/charm/trunk/wam/libwamtiming/src/../../../third-party/libbarrett-1.2.1/include/barrett/math/utils.h:81:42: error: ‘ei_traits’ in namespace ‘Eigen’ does not name a type
  Eigen::ei_scalar_abs_op<typename Eigen::ei_traits<Derived>::Scalar>,
                                          ^
/home/justin/Research/CHARM/charm/trunk/wam/libwamtiming/src/../../../third-party/libbarrett-1.2.1/include/barrett/math/utils.h:81:51: error: expected ‘(’ before ‘<’ token
  Eigen::ei_scalar_abs_op<typename Eigen::ei_traits<Derived>::Scalar>,
                                                   ^
/home/justin/Research/CHARM/charm/trunk/wam/libwamtiming/src/../../../third-party/libbarrett-1.2.1/include/barrett/math/utils.h:81:59: error: expected primary-expression before ‘>’ token
  Eigen::ei_scalar_abs_op<typename Eigen::ei_traits<Derived>::Scalar>,
                                                           ^
/home/justin/Research/CHARM/charm/trunk/wam/libwamtiming/src/../../../third-party/libbarrett-1.2.1/include/barrett/math/utils.h:81:59: error: wrong number of template arguments (1, should be 2)
In file included from /usr/include/eigen3/Eigen/Core:252:0,
                 from /home/justin/Research/CHARM/charm/trunk/wam/libwamtiming/src/../../../third-party/libbarrett-1.2.1/include/barrett/systems/wam.h:39,
                 from /home/justin/Research/CHARM/charm/trunk/wam/libwamtiming/src/../../../third-party/libbarrett-1.2.1/include/barrett/systems.h:43,
                 from /home/justin/Research/CHARM/charm/trunk/wam/libwamtiming/src/../include/wamarmposer.h:4,
                 from /home/justin/Research/CHARM/charm/trunk/wam/libwamtiming/src/wamarmposer.cc:1:
/usr/include/eigen3/Eigen/src/Core/util/ForwardDeclarations.h:87:65: error: provided for ‘template<class UnaryOp, class MatrixType> class Eigen::CwiseUnaryOp’
 template<typename UnaryOp,   typename MatrixType>         class CwiseUnaryOp;
                                                                 ^
In file included from /home/justin/Research/CHARM/charm/trunk/wam/libwamtiming/src/../../../third-party/libbarrett-1.2.1/include/barrett/products/motor_puck.h:16:0,
                 from /home/justin/Research/CHARM/charm/trunk/wam/libwamtiming/src/../../../third-party/libbarrett-1.2.1/include/barrett/products/low_level_wam.h:22,
                 from /home/justin/Research/CHARM/charm/trunk/wam/libwamtiming/src/../../../third-party/libbarrett-1.2.1/include/barrett/systems/wam.h:44,
                 from /home/justin/Research/CHARM/charm/trunk/wam/libwamtiming/src/../../../third-party/libbarrett-1.2.1/include/barrett/systems.h:43,
                 from /home/justin/Research/CHARM/charm/trunk/wam/libwamtiming/src/../include/wamarmposer.h:4,
                 from /home/justin/Research/CHARM/charm/trunk/wam/libwamtiming/src/wamarmposer.cc:1:
/home/justin/Research/CHARM/charm/trunk/wam/libwamtiming/src/../../../third-party/libbarrett-1.2.1/include/barrett/math/utils.h:81:68: error: expected initializer before ‘>’ token
  Eigen::ei_scalar_abs_op<typename Eigen::ei_traits<Derived>::Scalar>,
                                                                    ^
/home/justin/Research/CHARM/charm/trunk/wam/libwamtiming/src/../../../third-party/libbarrett-1.2.1/include/barrett/math/utils.h:97:2: error: ‘ei_scalar_min_op’ is not a member of ‘Eigen’
  Eigen::ei_scalar_min_op<typename Eigen::ei_traits<Derived1>::Scalar>,
  ^
/home/justin/Research/CHARM/charm/trunk/wam/libwamtiming/src/../../../third-party/libbarrett-1.2.1/include/barrett/math/utils.h:97:2: error: ‘ei_scalar_min_op’ is not a member of ‘Eigen’
/home/justin/Research/CHARM/charm/trunk/wam/libwamtiming/src/../../../third-party/libbarrett-1.2.1/include/barrett/math/utils.h:97:42: error: ‘ei_traits’ in namespace ‘Eigen’ does not name a type
  Eigen::ei_scalar_min_op<typename Eigen::ei_traits<Derived1>::Scalar>,
                                          ^
/home/justin/Research/CHARM/charm/trunk/wam/libwamtiming/src/../../../third-party/libbarrett-1.2.1/include/barrett/math/utils.h:97:51: error: expected ‘(’ before ‘<’ token
  Eigen::ei_scalar_min_op<typename Eigen::ei_traits<Derived1>::Scalar>,
                                                   ^
/home/justin/Research/CHARM/charm/trunk/wam/libwamtiming/src/../../../third-party/libbarrett-1.2.1/include/barrett/math/utils.h:97:60: error: expected primary-expression before ‘>’ token
  Eigen::ei_scalar_min_op<typename Eigen::ei_traits<Derived1>::Scalar>,
                                                            ^
/home/justin/Research/CHARM/charm/trunk/wam/libwamtiming/src/../../../third-party/libbarrett-1.2.1/include/barrett/math/utils.h:97:60: error: wrong number of template arguments (1, should be 3)
In file included from /usr/include/eigen3/Eigen/Core:252:0,
                 from /home/justin/Research/CHARM/charm/trunk/wam/libwamtiming/src/../../../third-party/libbarrett-1.2.1/include/barrett/systems/wam.h:39,
                 from /home/justin/Research/CHARM/charm/trunk/wam/libwamtiming/src/../../../third-party/libbarrett-1.2.1/include/barrett/systems.h:43,
                 from /home/justin/Research/CHARM/charm/trunk/wam/libwamtiming/src/../include/wamarmposer.h:4,
                 from /home/justin/Research/CHARM/charm/trunk/wam/libwamtiming/src/wamarmposer.cc:1:
/usr/include/eigen3/Eigen/src/Core/util/ForwardDeclarations.h:89:65: error: provided for ‘template<class BinaryOp, class Lhs, class Rhs> class Eigen::CwiseBinaryOp’
 template<typename BinaryOp,  typename Lhs, typename Rhs>  class CwiseBinaryOp;
                                                                 ^
In file included from /home/justin/Research/CHARM/charm/trunk/wam/libwamtiming/src/../../../third-party/libbarrett-1.2.1/include/barrett/products/motor_puck.h:16:0,
                 from /home/justin/Research/CHARM/charm/trunk/wam/libwamtiming/src/../../../third-party/libbarrett-1.2.1/include/barrett/products/low_level_wam.h:22,
                 from /home/justin/Research/CHARM/charm/trunk/wam/libwamtiming/src/../../../third-party/libbarrett-1.2.1/include/barrett/systems/wam.h:44,
                 from /home/justin/Research/CHARM/charm/trunk/wam/libwamtiming/src/../../../third-party/libbarrett-1.2.1/include/barrett/systems.h:43,
                 from /home/justin/Research/CHARM/charm/trunk/wam/libwamtiming/src/../include/wamarmposer.h:4,
                 from /home/justin/Research/CHARM/charm/trunk/wam/libwamtiming/src/wamarmposer.cc:1:
/home/justin/Research/CHARM/charm/trunk/wam/libwamtiming/src/../../../third-party/libbarrett-1.2.1/include/barrett/math/utils.h:97:69: error: expected initializer before ‘>’ token
  Eigen::ei_scalar_min_op<typename Eigen::ei_traits<Derived1>::Scalar>,
                                                                     ^
/home/justin/Research/CHARM/charm/trunk/wam/libwamtiming/src/../../../third-party/libbarrett-1.2.1/include/barrett/math/utils.h:116:2: error: ‘ei_scalar_max_op’ is not a member of ‘Eigen’
  Eigen::ei_scalar_max_op<typename Eigen::ei_traits<Derived1>::Scalar>,
  ^
/home/justin/Research/CHARM/charm/trunk/wam/libwamtiming/src/../../../third-party/libbarrett-1.2.1/include/barrett/math/utils.h:116:2: error: ‘ei_scalar_max_op’ is not a member of ‘Eigen’
/home/justin/Research/CHARM/charm/trunk/wam/libwamtiming/src/../../../third-party/libbarrett-1.2.1/include/barrett/math/utils.h:116:42: error: ‘ei_traits’ in namespace ‘Eigen’ does not name a type
  Eigen::ei_scalar_max_op<typename Eigen::ei_traits<Derived1>::Scalar>,
                                          ^
/home/justin/Research/CHARM/charm/trunk/wam/libwamtiming/src/../../../third-party/libbarrett-1.2.1/include/barrett/math/utils.h:116:51: error: expected ‘(’ before ‘<’ token
  Eigen::ei_scalar_max_op<typename Eigen::ei_traits<Derived1>::Scalar>,
                                                   ^
/home/justin/Research/CHARM/charm/trunk/wam/libwamtiming/src/../../../third-party/libbarrett-1.2.1/include/barrett/math/utils.h:116:60: error: expected primary-expression before ‘>’ token
  Eigen::ei_scalar_max_op<typename Eigen::ei_traits<Derived1>::Scalar>,
                                                            ^
/home/justin/Research/CHARM/charm/trunk/wam/libwamtiming/src/../../../third-party/libbarrett-1.2.1/include/barrett/math/utils.h:116:60: error: wrong number of template arguments (1, should be 3)
In file included from /usr/include/eigen3/Eigen/Core:252:0,
                 from /home/justin/Research/CHARM/charm/trunk/wam/libwamtiming/src/../../../third-party/libbarrett-1.2.1/include/barrett/systems/wam.h:39,
                 from /home/justin/Research/CHARM/charm/trunk/wam/libwamtiming/src/../../../third-party/libbarrett-1.2.1/include/barrett/systems.h:43,
                 from /home/justin/Research/CHARM/charm/trunk/wam/libwamtiming/src/../include/wamarmposer.h:4,
                 from /home/justin/Research/CHARM/charm/trunk/wam/libwamtiming/src/wamarmposer.cc:1:
/usr/include/eigen3/Eigen/src/Core/util/ForwardDeclarations.h:89:65: error: provided for ‘template<class BinaryOp, class Lhs, class Rhs> class Eigen::CwiseBinaryOp’
 template<typename BinaryOp,  typename Lhs, typename Rhs>  class CwiseBinaryOp;
                                                                 ^
In file included from /home/justin/Research/CHARM/charm/trunk/wam/libwamtiming/src/../../../third-party/libbarrett-1.2.1/include/barrett/products/motor_puck.h:16:0,
                 from /home/justin/Research/CHARM/charm/trunk/wam/libwamtiming/src/../../../third-party/libbarrett-1.2.1/include/barrett/products/low_level_wam.h:22,
                 from /home/justin/Research/CHARM/charm/trunk/wam/libwamtiming/src/../../../third-party/libbarrett-1.2.1/include/barrett/systems/wam.h:44,
                 from /home/justin/Research/CHARM/charm/trunk/wam/libwamtiming/src/../../../third-party/libbarrett-1.2.1/include/barrett/systems.h:43,
                 from /home/justin/Research/CHARM/charm/trunk/wam/libwamtiming/src/../include/wamarmposer.h:4,
                 from /home/justin/Research/CHARM/charm/trunk/wam/libwamtiming/src/wamarmposer.cc:1:
/home/justin/Research/CHARM/charm/trunk/wam/libwamtiming/src/../../../third-party/libbarrett-1.2.1/include/barrett/math/utils.h:116:69: error: expected initializer before ‘>’ token
  Eigen::ei_scalar_max_op<typename Eigen::ei_traits<Derived1>::Scalar>,
                                                                     ^
/home/justin/Research/CHARM/charm/trunk/wam/libwamtiming/src/../../../third-party/libbarrett-1.2.1/include/barrett/math/utils.h:137:47: error: ‘ei_traits’ in namespace ‘Eigen’ does not name a type
  detail::CwiseUnarySaturateOp<typename Eigen::ei_traits<Derived>::Scalar>,
                                               ^
/home/justin/Research/CHARM/charm/trunk/wam/libwamtiming/src/../../../third-party/libbarrett-1.2.1/include/barrett/math/utils.h:137:56: error: expected template-argument before ‘<’ token
  detail::CwiseUnarySaturateOp<typename Eigen::ei_traits<Derived>::Scalar>,
                                                        ^
/home/justin/Research/CHARM/charm/trunk/wam/libwamtiming/src/../../../third-party/libbarrett-1.2.1/include/barrett/math/utils.h:137:56: error: expected ‘>’ before ‘<’ token
/home/justin/Research/CHARM/charm/trunk/wam/libwamtiming/src/../../../third-party/libbarrett-1.2.1/include/barrett/math/utils.h:137:73: error: template argument 1 is invalid
  detail::CwiseUnarySaturateOp<typename Eigen::ei_traits<Derived>::Scalar>,
                                                                         ^
/home/justin/Research/CHARM/charm/trunk/wam/libwamtiming/src/../../../third-party/libbarrett-1.2.1/include/barrett/math/utils.h:137:74: error: expected ‘::’ before ‘,’ token
  detail::CwiseUnarySaturateOp<typename Eigen::ei_traits<Derived>::Scalar>,
                                                                          ^
/home/justin/Research/CHARM/charm/trunk/wam/libwamtiming/src/../../../third-party/libbarrett-1.2.1/include/barrett/math/utils.h:137:74: error: expected identifier before ‘,’ token
/home/justin/Research/CHARM/charm/trunk/wam/libwamtiming/src/../../../third-party/libbarrett-1.2.1/include/barrett/math/utils.h:139:1: error: template argument 1 is invalid
 > saturate(const Eigen::MatrixBase<Derived>& x, double limit);
 ^
/home/justin/Research/CHARM/charm/trunk/wam/libwamtiming/src/../../../third-party/libbarrett-1.2.1/include/barrett/math/utils.h:139:3: error: expected ‘::’ before ‘saturate’
 > saturate(const Eigen::MatrixBase<Derived>& x, double limit);
   ^
/home/justin/Research/CHARM/charm/trunk/wam/libwamtiming/src/../../../third-party/libbarrett-1.2.1/include/barrett/math/utils.h:139:62: error: invalid type in declaration before ‘;’ token
 > saturate(const Eigen::MatrixBase<Derived>& x, double limit);
                                                              ^
/home/justin/Research/CHARM/charm/trunk/wam/libwamtiming/src/../../../third-party/libbarrett-1.2.1/include/barrett/math/utils.h:143:48: error: ‘ei_traits’ in namespace ‘Eigen’ does not name a type
  detail::CwiseBinarySaturateOp<typename Eigen::ei_traits<Derived1>::Scalar>,
                                                ^
/home/justin/Research/CHARM/charm/trunk/wam/libwamtiming/src/../../../third-party/libbarrett-1.2.1/include/barrett/math/utils.h:143:57: error: expected template-argument before ‘<’ token
  detail::CwiseBinarySaturateOp<typename Eigen::ei_traits<Derived1>::Scalar>,
                                                         ^
/home/justin/Research/CHARM/charm/trunk/wam/libwamtiming/src/../../../third-party/libbarrett-1.2.1/include/barrett/math/utils.h:143:57: error: expected ‘>’ before ‘<’ token
/home/justin/Research/CHARM/charm/trunk/wam/libwamtiming/src/../../../third-party/libbarrett-1.2.1/include/barrett/math/utils.h:143:75: error: template argument 1 is invalid
  detail::CwiseBinarySaturateOp<typename Eigen::ei_traits<Derived1>::Scalar>,
                                                                           ^
/home/justin/Research/CHARM/charm/trunk/wam/libwamtiming/src/../../../third-party/libbarrett-1.2.1/include/barrett/math/utils.h:143:76: error: expected ‘::’ before ‘,’ token
  detail::CwiseBinarySaturateOp<typename Eigen::ei_traits<Derived1>::Scalar>,
                                                                            ^
/home/justin/Research/CHARM/charm/trunk/wam/libwamtiming/src/../../../third-party/libbarrett-1.2.1/include/barrett/math/utils.h:143:76: error: expected identifier before ‘,’ token
/home/justin/Research/CHARM/charm/trunk/wam/libwamtiming/src/../../../third-party/libbarrett-1.2.1/include/barrett/math/utils.h:146:1: error: template argument 1 is invalid
 > saturate(const Eigen::MatrixBase<Derived1>& x, const Eigen::MatrixBase<Derived2>& limit);
 ^
/home/justin/Research/CHARM/charm/trunk/wam/libwamtiming/src/../../../third-party/libbarrett-1.2.1/include/barrett/math/utils.h:146:3: error: expected ‘::’ before ‘saturate’
 > saturate(const Eigen::MatrixBase<Derived1>& x, const Eigen::MatrixBase<Derived2>& limit);
   ^
/home/justin/Research/CHARM/charm/trunk/wam/libwamtiming/src/../../../third-party/libbarrett-1.2.1/include/barrett/math/utils.h:146:91: error: invalid type in declaration before ‘;’ token
 > saturate(const Eigen::MatrixBase<Derived1>& x, const Eigen::MatrixBase<Derived2>& limit);
                                                                                           ^
/home/justin/Research/CHARM/charm/trunk/wam/libwamtiming/src/../../../third-party/libbarrett-1.2.1/include/barrett/math/utils.h:153:47: error: ‘ei_traits’ in namespace ‘Eigen’ does not name a type
  detail::CwiseUnarySaturateOp<typename Eigen::ei_traits<Derived>::Scalar>,
                                               ^
/home/justin/Research/CHARM/charm/trunk/wam/libwamtiming/src/../../../third-party/libbarrett-1.2.1/include/barrett/math/utils.h:153:56: error: expected template-argument before ‘<’ token
  detail::CwiseUnarySaturateOp<typename Eigen::ei_traits<Derived>::Scalar>,
                                                        ^
/home/justin/Research/CHARM/charm/trunk/wam/libwamtiming/src/../../../third-party/libbarrett-1.2.1/include/barrett/math/utils.h:153:56: error: expected ‘>’ before ‘<’ token
/home/justin/Research/CHARM/charm/trunk/wam/libwamtiming/src/../../../third-party/libbarrett-1.2.1/include/barrett/math/utils.h:153:73: error: template argument 1 is invalid
  detail::CwiseUnarySaturateOp<typename Eigen::ei_traits<Derived>::Scalar>,
                                                                         ^
/home/justin/Research/CHARM/charm/trunk/wam/libwamtiming/src/../../../third-party/libbarrett-1.2.1/include/barrett/math/utils.h:153:74: error: expected ‘::’ before ‘,’ token
  detail::CwiseUnarySaturateOp<typename Eigen::ei_traits<Derived>::Scalar>,
                                                                          ^
/home/justin/Research/CHARM/charm/trunk/wam/libwamtiming/src/../../../third-party/libbarrett-1.2.1/include/barrett/math/utils.h:153:74: error: expected identifier before ‘,’ token
/home/justin/Research/CHARM/charm/trunk/wam/libwamtiming/src/../../../third-party/libbarrett-1.2.1/include/barrett/math/utils.h:155:1: error: template argument 1 is invalid
 > saturate(const Eigen::MatrixBase<Derived>& x, double lowerLimit, double upperLimit);
 ^
/home/justin/Research/CHARM/charm/trunk/wam/libwamtiming/src/../../../third-party/libbarrett-1.2.1/include/barrett/math/utils.h:155:3: error: expected ‘::’ before ‘saturate’
 > saturate(const Eigen::MatrixBase<Derived>& x, double lowerLimit, double upperLimit);
   ^
/home/justin/Research/CHARM/charm/trunk/wam/libwamtiming/src/../../../third-party/libbarrett-1.2.1/include/barrett/math/utils.h:155:86: error: invalid type in declaration before ‘;’ token
 > saturate(const Eigen::MatrixBase<Derived>& x, double lowerLimit, double upperLimit);
                                                                                      ^
/home/justin/Research/CHARM/charm/trunk/wam/libwamtiming/src/../../../third-party/libbarrett-1.2.1/include/barrett/math/utils.h:173:47: error: ‘ei_traits’ in namespace ‘Eigen’ does not name a type
  detail::CwiseUnaryDeadbandOp<typename Eigen::ei_traits<Derived>::Scalar>,
                                               ^
/home/justin/Research/CHARM/charm/trunk/wam/libwamtiming/src/../../../third-party/libbarrett-1.2.1/include/barrett/math/utils.h:173:56: error: expected template-argument before ‘<’ token
  detail::CwiseUnaryDeadbandOp<typename Eigen::ei_traits<Derived>::Scalar>,
                                                        ^
/home/justin/Research/CHARM/charm/trunk/wam/libwamtiming/src/../../../third-party/libbarrett-1.2.1/include/barrett/math/utils.h:173:56: error: expected ‘>’ before ‘<’ token
/home/justin/Research/CHARM/charm/trunk/wam/libwamtiming/src/../../../third-party/libbarrett-1.2.1/include/barrett/math/utils.h:173:73: error: template argument 1 is invalid
  detail::CwiseUnaryDeadbandOp<typename Eigen::ei_traits<Derived>::Scalar>,
                                                                         ^
/home/justin/Research/CHARM/charm/trunk/wam/libwamtiming/src/../../../third-party/libbarrett-1.2.1/include/barrett/math/utils.h:173:74: error: expected ‘::’ before ‘,’ token
  detail::CwiseUnaryDeadbandOp<typename Eigen::ei_traits<Derived>::Scalar>,
                                                                          ^
/home/justin/Research/CHARM/charm/trunk/wam/libwamtiming/src/../../../third-party/libbarrett-1.2.1/include/barrett/math/utils.h:173:74: error: expected identifier before ‘,’ token
/home/justin/Research/CHARM/charm/trunk/wam/libwamtiming/src/../../../third-party/libbarrett-1.2.1/include/barrett/math/utils.h:175:1: error: template argument 1 is invalid
 > deadband(const Eigen::MatrixBase<Derived>& x, double cutoff);
 ^
/home/justin/Research/CHARM/charm/trunk/wam/libwamtiming/src/../../../third-party/libbarrett-1.2.1/include/barrett/math/utils.h:175:3: error: expected ‘::’ before ‘deadband’
 > deadband(const Eigen::MatrixBase<Derived>& x, double cutoff);
   ^
/home/justin/Research/CHARM/charm/trunk/wam/libwamtiming/src/../../../third-party/libbarrett-1.2.1/include/barrett/math/utils.h:175:63: error: invalid type in declaration before ‘;’ token
 > deadband(const Eigen::MatrixBase<Derived>& x, double cutoff);
                                                               ^
/home/justin/Research/CHARM/charm/trunk/wam/libwamtiming/src/../../../third-party/libbarrett-1.2.1/include/barrett/math/utils.h:179:48: error: ‘ei_traits’ in namespace ‘Eigen’ does not name a type
  detail::CwiseBinaryDeadbandOp<typename Eigen::ei_traits<Derived1>::Scalar>,
                                                ^
/home/justin/Research/CHARM/charm/trunk/wam/libwamtiming/src/../../../third-party/libbarrett-1.2.1/include/barrett/math/utils.h:179:57: error: expected template-argument before ‘<’ token
  detail::CwiseBinaryDeadbandOp<typename Eigen::ei_traits<Derived1>::Scalar>,
                                                         ^
/home/justin/Research/CHARM/charm/trunk/wam/libwamtiming/src/../../../third-party/libbarrett-1.2.1/include/barrett/math/utils.h:179:57: error: expected ‘>’ before ‘<’ token
/home/justin/Research/CHARM/charm/trunk/wam/libwamtiming/src/../../../third-party/libbarrett-1.2.1/include/barrett/math/utils.h:179:75: error: template argument 1 is invalid
  detail::CwiseBinaryDeadbandOp<typename Eigen::ei_traits<Derived1>::Scalar>,
                                                                           ^
/home/justin/Research/CHARM/charm/trunk/wam/libwamtiming/src/../../../third-party/libbarrett-1.2.1/include/barrett/math/utils.h:179:76: error: expected ‘::’ before ‘,’ token
  detail::CwiseBinaryDeadbandOp<typename Eigen::ei_traits<Derived1>::Scalar>,
                                                                            ^
/home/justin/Research/CHARM/charm/trunk/wam/libwamtiming/src/../../../third-party/libbarrett-1.2.1/include/barrett/math/utils.h:179:76: error: expected identifier before ‘,’ token
/home/justin/Research/CHARM/charm/trunk/wam/libwamtiming/src/../../../third-party/libbarrett-1.2.1/include/barrett/math/utils.h:182:1: error: template argument 1 is invalid
 > deadband(const Eigen::MatrixBase<Derived1>& x, const Eigen::MatrixBase<Derived2>& cutoff);
 ^
/home/justin/Research/CHARM/charm/trunk/wam/libwamtiming/src/../../../third-party/libbarrett-1.2.1/include/barrett/math/utils.h:182:3: error: expected ‘::’ before ‘deadband’
 > deadband(const Eigen::MatrixBase<Derived1>& x, const Eigen::MatrixBase<Derived2>& cutoff);
   ^
/home/justin/Research/CHARM/charm/trunk/wam/libwamtiming/src/../../../third-party/libbarrett-1.2.1/include/barrett/math/utils.h:182:92: error: invalid type in declaration before ‘;’ token
 > deadband(const Eigen::MatrixBase<Derived1>& x, const Eigen::MatrixBase<Derived2>& cutoff);
                                                                                            ^
In file included from /home/justin/Research/CHARM/charm/trunk/wam/libwamtiming/src/../../../third-party/libbarrett-1.2.1/include/barrett/math/utils.h:195:0,
                 from /home/justin/Research/CHARM/charm/trunk/wam/libwamtiming/src/../../../third-party/libbarrett-1.2.1/include/barrett/products/motor_puck.h:16,
                 from /home/justin/Research/CHARM/charm/trunk/wam/libwamtiming/src/../../../third-party/libbarrett-1.2.1/include/barrett/products/low_level_wam.h:22,
                 from /home/justin/Research/CHARM/charm/trunk/wam/libwamtiming/src/../../../third-party/libbarrett-1.2.1/include/barrett/systems/wam.h:44,
                 from /home/justin/Research/CHARM/charm/trunk/wam/libwamtiming/src/../../../third-party/libbarrett-1.2.1/include/barrett/systems.h:43,
                 from /home/justin/Research/CHARM/charm/trunk/wam/libwamtiming/src/../include/wamarmposer.h:4,
                 from /home/justin/Research/CHARM/charm/trunk/wam/libwamtiming/src/wamarmposer.cc:1:
/home/justin/Research/CHARM/charm/trunk/wam/libwamtiming/src/../../../third-party/libbarrett-1.2.1/include/barrett/math/detail/utils-inl.h:49:38: error: ‘ei_traits’ in namespace ‘Eigen’ does not name a type
  detail::CwiseSignOp<typename Eigen::ei_traits<Derived>::Scalar>,
                                      ^
/home/justin/Research/CHARM/charm/trunk/wam/libwamtiming/src/../../../third-party/libbarrett-1.2.1/include/barrett/math/detail/utils-inl.h:49:47: error: expected template-argument before ‘<’ token
  detail::CwiseSignOp<typename Eigen::ei_traits<Derived>::Scalar>,
                                               ^
/home/justin/Research/CHARM/charm/trunk/wam/libwamtiming/src/../../../third-party/libbarrett-1.2.1/include/barrett/math/detail/utils-inl.h:49:47: error: expected ‘>’ before ‘<’ token
/home/justin/Research/CHARM/charm/trunk/wam/libwamtiming/src/../../../third-party/libbarrett-1.2.1/include/barrett/math/detail/utils-inl.h:49:64: error: template argument 1 is invalid
  detail::CwiseSignOp<typename Eigen::ei_traits<Derived>::Scalar>,
                                                                ^
/home/justin/Research/CHARM/charm/trunk/wam/libwamtiming/src/../../../third-party/libbarrett-1.2.1/include/barrett/math/detail/utils-inl.h:49:65: error: expected ‘::’ before ‘,’ token
  detail::CwiseSignOp<typename Eigen::ei_traits<Derived>::Scalar>,
                                                                 ^
/home/justin/Research/CHARM/charm/trunk/wam/libwamtiming/src/../../../third-party/libbarrett-1.2.1/include/barrett/math/detail/utils-inl.h:49:65: error: expected identifier before ‘,’ token
/home/justin/Research/CHARM/charm/trunk/wam/libwamtiming/src/../../../third-party/libbarrett-1.2.1/include/barrett/math/detail/utils-inl.h:51:1: error: template argument 1 is invalid
 > sign(const Eigen::MatrixBase<Derived>& x)
 ^
/home/justin/Research/CHARM/charm/trunk/wam/libwamtiming/src/../../../third-party/libbarrett-1.2.1/include/barrett/math/detail/utils-inl.h:51:3: error: expected ‘::’ before ‘sign’
 > sign(const Eigen::MatrixBase<Derived>& x)
   ^
/home/justin/Research/CHARM/charm/trunk/wam/libwamtiming/src/../../../third-party/libbarrett-1.2.1/include/barrett/math/detail/utils-inl.h: In function ‘const int barrett::math::sign(const Eigen::MatrixBase<Derived>&)’:
/home/justin/Research/CHARM/charm/trunk/wam/libwamtiming/src/../../../third-party/libbarrett-1.2.1/include/barrett/math/detail/utils-inl.h:53:57: error: ‘ei_traits’ in namespace ‘Eigen’ does not name a type
  return x.unaryExpr(detail::CwiseSignOp<typename Eigen::ei_traits<Derived>::Scalar>());
                                                         ^
/home/justin/Research/CHARM/charm/trunk/wam/libwamtiming/src/../../../third-party/libbarrett-1.2.1/include/barrett/math/detail/utils-inl.h:53:66: error: expected template-argument before ‘<’ token
  return x.unaryExpr(detail::CwiseSignOp<typename Eigen::ei_traits<Derived>::Scalar>());
                                                                  ^
/home/justin/Research/CHARM/charm/trunk/wam/libwamtiming/src/../../../third-party/libbarrett-1.2.1/include/barrett/math/detail/utils-inl.h:53:66: error: expected ‘>’ before ‘<’ token
/home/justin/Research/CHARM/charm/trunk/wam/libwamtiming/src/../../../third-party/libbarrett-1.2.1/include/barrett/math/detail/utils-inl.h:53:83: error: template argument 1 is invalid
  return x.unaryExpr(detail::CwiseSignOp<typename Eigen::ei_traits<Derived>::Scalar>());
                                                                                   ^
/home/justin/Research/CHARM/charm/trunk/wam/libwamtiming/src/../../../third-party/libbarrett-1.2.1/include/barrett/math/detail/utils-inl.h:53:84: error: expected ‘::’ before ‘(’ token
  return x.unaryExpr(detail::CwiseSignOp<typename Eigen::ei_traits<Derived>::Scalar>());
                                                                                    ^
/home/justin/Research/CHARM/charm/trunk/wam/libwamtiming/src/../../../third-party/libbarrett-1.2.1/include/barrett/math/detail/utils-inl.h:53:84: error: expected identifier before ‘(’ token
/home/justin/Research/CHARM/charm/trunk/wam/libwamtiming/src/../../../third-party/libbarrett-1.2.1/include/barrett/math/detail/utils-inl.h: At global scope:
/home/justin/Research/CHARM/charm/trunk/wam/libwamtiming/src/../../../third-party/libbarrett-1.2.1/include/barrett/math/detail/utils-inl.h:72:2: error: ‘ei_scalar_abs_op’ is not a member of ‘Eigen’
  Eigen::ei_scalar_abs_op<typename Eigen::ei_traits<Derived>::Scalar>,
  ^
/home/justin/Research/CHARM/charm/trunk/wam/libwamtiming/src/../../../third-party/libbarrett-1.2.1/include/barrett/math/detail/utils-inl.h:72:2: error: ‘ei_scalar_abs_op’ is not a member of ‘Eigen’
/home/justin/Research/CHARM/charm/trunk/wam/libwamtiming/src/../../../third-party/libbarrett-1.2.1/include/barrett/math/detail/utils-inl.h:72:42: error: ‘ei_traits’ in namespace ‘Eigen’ does not name a type
  Eigen::ei_scalar_abs_op<typename Eigen::ei_traits<Derived>::Scalar>,
                                          ^
/home/justin/Research/CHARM/charm/trunk/wam/libwamtiming/src/../../../third-party/libbarrett-1.2.1/include/barrett/math/detail/utils-inl.h:72:51: error: expected ‘(’ before ‘<’ token
  Eigen::ei_scalar_abs_op<typename Eigen::ei_traits<Derived>::Scalar>,
                                                   ^
/home/justin/Research/CHARM/charm/trunk/wam/libwamtiming/src/../../../third-party/libbarrett-1.2.1/include/barrett/math/detail/utils-inl.h:72:59: error: expected primary-expression before ‘>’ token
  Eigen::ei_scalar_abs_op<typename Eigen::ei_traits<Derived>::Scalar>,
                                                           ^
/home/justin/Research/CHARM/charm/trunk/wam/libwamtiming/src/../../../third-party/libbarrett-1.2.1/include/barrett/math/detail/utils-inl.h:72:59: error: wrong number of template arguments (1, should be 2)
In file included from /usr/include/eigen3/Eigen/Core:252:0,
                 from /home/justin/Research/CHARM/charm/trunk/wam/libwamtiming/src/../../../third-party/libbarrett-1.2.1/include/barrett/systems/wam.h:39,
                 from /home/justin/Research/CHARM/charm/trunk/wam/libwamtiming/src/../../../third-party/libbarrett-1.2.1/include/barrett/systems.h:43,
                 from /home/justin/Research/CHARM/charm/trunk/wam/libwamtiming/src/../include/wamarmposer.h:4,
                 from /home/justin/Research/CHARM/charm/trunk/wam/libwamtiming/src/wamarmposer.cc:1:
/usr/include/eigen3/Eigen/src/Core/util/ForwardDeclarations.h:87:65: error: provided for ‘template<class UnaryOp, class MatrixType> class Eigen::CwiseUnaryOp’
 template<typename UnaryOp,   typename MatrixType>         class CwiseUnaryOp;
                                                                 ^
In file included from /home/justin/Research/CHARM/charm/trunk/wam/libwamtiming/src/../../../third-party/libbarrett-1.2.1/include/barrett/math/utils.h:195:0,
                 from /home/justin/Research/CHARM/charm/trunk/wam/libwamtiming/src/../../../third-party/libbarrett-1.2.1/include/barrett/products/motor_puck.h:16,
                 from /home/justin/Research/CHARM/charm/trunk/wam/libwamtiming/src/../../../third-party/libbarrett-1.2.1/include/barrett/products/low_level_wam.h:22,
                 from /home/justin/Research/CHARM/charm/trunk/wam/libwamtiming/src/../../../third-party/libbarrett-1.2.1/include/barrett/systems/wam.h:44,
                 from /home/justin/Research/CHARM/charm/trunk/wam/libwamtiming/src/../../../third-party/libbarrett-1.2.1/include/barrett/systems.h:43,
                 from /home/justin/Research/CHARM/charm/trunk/wam/libwamtiming/src/../include/wamarmposer.h:4,
                 from /home/justin/Research/CHARM/charm/trunk/wam/libwamtiming/src/wamarmposer.cc:1:
/home/justin/Research/CHARM/charm/trunk/wam/libwamtiming/src/../../../third-party/libbarrett-1.2.1/include/barrett/math/detail/utils-inl.h:72:68: error: expected initializer before ‘>’ token
  Eigen::ei_scalar_abs_op<typename Eigen::ei_traits<Derived>::Scalar>,
                                                                    ^
/home/justin/Research/CHARM/charm/trunk/wam/libwamtiming/src/../../../third-party/libbarrett-1.2.1/include/barrett/math/detail/utils-inl.h:82:2: error: ‘ei_scalar_min_op’ is not a member of ‘Eigen’
  Eigen::ei_scalar_min_op<typename Eigen::ei_traits<Derived1>::Scalar>,
  ^
/home/justin/Research/CHARM/charm/trunk/wam/libwamtiming/src/../../../third-party/libbarrett-1.2.1/include/barrett/math/detail/utils-inl.h:82:2: error: ‘ei_scalar_min_op’ is not a member of ‘Eigen’
/home/justin/Research/CHARM/charm/trunk/wam/libwamtiming/src/../../../third-party/libbarrett-1.2.1/include/barrett/math/detail/utils-inl.h:82:42: error: ‘ei_traits’ in namespace ‘Eigen’ does not name a type
  Eigen::ei_scalar_min_op<typename Eigen::ei_traits<Derived1>::Scalar>,
                                          ^
/home/justin/Research/CHARM/charm/trunk/wam/libwamtiming/src/../../../third-party/libbarrett-1.2.1/include/barrett/math/detail/utils-inl.h:82:51: error: expected ‘(’ before ‘<’ token
  Eigen::ei_scalar_min_op<typename Eigen::ei_traits<Derived1>::Scalar>,
                                                   ^
/home/justin/Research/CHARM/charm/trunk/wam/libwamtiming/src/../../../third-party/libbarrett-1.2.1/include/barrett/math/detail/utils-inl.h:82:60: error: expected primary-expression before ‘>’ token
  Eigen::ei_scalar_min_op<typename Eigen::ei_traits<Derived1>::Scalar>,
                                                            ^
/home/justin/Research/CHARM/charm/trunk/wam/libwamtiming/src/../../../third-party/libbarrett-1.2.1/include/barrett/math/detail/utils-inl.h:82:60: error: wrong number of template arguments (1, should be 3)
In file included from /usr/include/eigen3/Eigen/Core:252:0,
                 from /home/justin/Research/CHARM/charm/trunk/wam/libwamtiming/src/../../../third-party/libbarrett-1.2.1/include/barrett/systems/wam.h:39,
                 from /home/justin/Research/CHARM/charm/trunk/wam/libwamtiming/src/../../../third-party/libbarrett-1.2.1/include/barrett/systems.h:43,
                 from /home/justin/Research/CHARM/charm/trunk/wam/libwamtiming/src/../include/wamarmposer.h:4,
                 from /home/justin/Research/CHARM/charm/trunk/wam/libwamtiming/src/wamarmposer.cc:1:
/usr/include/eigen3/Eigen/src/Core/util/ForwardDeclarations.h:89:65: error: provided for ‘template<class BinaryOp, class Lhs, class Rhs> class Eigen::CwiseBinaryOp’
 template<typename BinaryOp,  typename Lhs, typename Rhs>  class CwiseBinaryOp;
                                                                 ^
In file included from /home/justin/Research/CHARM/charm/trunk/wam/libwamtiming/src/../../../third-party/libbarrett-1.2.1/include/barrett/math/utils.h:195:0,
                 from /home/justin/Research/CHARM/charm/trunk/wam/libwamtiming/src/../../../third-party/libbarrett-1.2.1/include/barrett/products/motor_puck.h:16,
                 from /home/justin/Research/CHARM/charm/trunk/wam/libwamtiming/src/../../../third-party/libbarrett-1.2.1/include/barrett/products/low_level_wam.h:22,
                 from /home/justin/Research/CHARM/charm/trunk/wam/libwamtiming/src/../../../third-party/libbarrett-1.2.1/include/barrett/systems/wam.h:44,
                 from /home/justin/Research/CHARM/charm/trunk/wam/libwamtiming/src/../../../third-party/libbarrett-1.2.1/include/barrett/systems.h:43,
                 from /home/justin/Research/CHARM/charm/trunk/wam/libwamtiming/src/../include/wamarmposer.h:4,
                 from /home/justin/Research/CHARM/charm/trunk/wam/libwamtiming/src/wamarmposer.cc:1:
/home/justin/Research/CHARM/charm/trunk/wam/libwamtiming/src/../../../third-party/libbarrett-1.2.1/include/barrett/math/detail/utils-inl.h:82:69: error: expected initializer before ‘>’ token
  Eigen::ei_scalar_min_op<typename Eigen::ei_traits<Derived1>::Scalar>,
                                                                     ^
/home/justin/Research/CHARM/charm/trunk/wam/libwamtiming/src/../../../third-party/libbarrett-1.2.1/include/barrett/math/detail/utils-inl.h:98:2: error: ‘ei_scalar_max_op’ is not a member of ‘Eigen’
  Eigen::ei_scalar_max_op<typename Eigen::ei_traits<Derived1>::Scalar>,
  ^
/home/justin/Research/CHARM/charm/trunk/wam/libwamtiming/src/../../../third-party/libbarrett-1.2.1/include/barrett/math/detail/utils-inl.h:98:2: error: ‘ei_scalar_max_op’ is not a member of ‘Eigen’
/home/justin/Research/CHARM/charm/trunk/wam/libwamtiming/src/../../../third-party/libbarrett-1.2.1/include/barrett/math/detail/utils-inl.h:98:42: error: ‘ei_traits’ in namespace ‘Eigen’ does not name a type
  Eigen::ei_scalar_max_op<typename Eigen::ei_traits<Derived1>::Scalar>,
                                          ^
/home/justin/Research/CHARM/charm/trunk/wam/libwamtiming/src/../../../third-party/libbarrett-1.2.1/include/barrett/math/detail/utils-inl.h:98:51: error: expected ‘(’ before ‘<’ token
  Eigen::ei_scalar_max_op<typename Eigen::ei_traits<Derived1>::Scalar>,
                                                   ^
/home/justin/Research/CHARM/charm/trunk/wam/libwamtiming/src/../../../third-party/libbarrett-1.2.1/include/barrett/math/detail/utils-inl.h:98:60: error: expected primary-expression before ‘>’ token
  Eigen::ei_scalar_max_op<typename Eigen::ei_traits<Derived1>::Scalar>,
                                                            ^
/home/justin/Research/CHARM/charm/trunk/wam/libwamtiming/src/../../../third-party/libbarrett-1.2.1/include/barrett/math/detail/utils-inl.h:98:60: error: wrong number of template arguments (1, should be 3)
In file included from /usr/include/eigen3/Eigen/Core:252:0,
                 from /home/justin/Research/CHARM/charm/trunk/wam/libwamtiming/src/../../../third-party/libbarrett-1.2.1/include/barrett/systems/wam.h:39,
                 from /home/justin/Research/CHARM/charm/trunk/wam/libwamtiming/src/../../../third-party/libbarrett-1.2.1/include/barrett/systems.h:43,
                 from /home/justin/Research/CHARM/charm/trunk/wam/libwamtiming/src/../include/wamarmposer.h:4,
                 from /home/justin/Research/CHARM/charm/trunk/wam/libwamtiming/src/wamarmposer.cc:1:
/usr/include/eigen3/Eigen/src/Core/util/ForwardDeclarations.h:89:65: error: provided for ‘template<class BinaryOp, class Lhs, class Rhs> class Eigen::CwiseBinaryOp’
 template<typename BinaryOp,  typename Lhs, typename Rhs>  class CwiseBinaryOp;
                                                                 ^
In file included from /home/justin/Research/CHARM/charm/trunk/wam/libwamtiming/src/../../../third-party/libbarrett-1.2.1/include/barrett/math/utils.h:195:0,
                 from /home/justin/Research/CHARM/charm/trunk/wam/libwamtiming/src/../../../third-party/libbarrett-1.2.1/include/barrett/products/motor_puck.h:16,
                 from /home/justin/Research/CHARM/charm/trunk/wam/libwamtiming/src/../../../third-party/libbarrett-1.2.1/include/barrett/products/low_level_wam.h:22,
                 from /home/justin/Research/CHARM/charm/trunk/wam/libwamtiming/src/../../../third-party/libbarrett-1.2.1/include/barrett/systems/wam.h:44,
                 from /home/justin/Research/CHARM/charm/trunk/wam/libwamtiming/src/../../../third-party/libbarrett-1.2.1/include/barrett/systems.h:43,
                 from /home/justin/Research/CHARM/charm/trunk/wam/libwamtiming/src/../include/wamarmposer.h:4,
                 from /home/justin/Research/CHARM/charm/trunk/wam/libwamtiming/src/wamarmposer.cc:1:
/home/justin/Research/CHARM/charm/trunk/wam/libwamtiming/src/../../../third-party/libbarrett-1.2.1/include/barrett/math/detail/utils-inl.h:98:69: error: expected initializer before ‘>’ token
  Eigen::ei_scalar_max_op<typename Eigen::ei_traits<Derived1>::Scalar>,
                                                                     ^
/home/justin/Research/CHARM/charm/trunk/wam/libwamtiming/src/../../../third-party/libbarrett-1.2.1/include/barrett/math/detail/utils-inl.h:132:47: error: ‘ei_traits’ in namespace ‘Eigen’ does not name a type
  detail::CwiseUnarySaturateOp<typename Eigen::ei_traits<Derived>::Scalar>,
                                               ^
/home/justin/Research/CHARM/charm/trunk/wam/libwamtiming/src/../../../third-party/libbarrett-1.2.1/include/barrett/math/detail/utils-inl.h:132:56: error: expected template-argument before ‘<’ token
  detail::CwiseUnarySaturateOp<typename Eigen::ei_traits<Derived>::Scalar>,
                                                        ^
/home/justin/Research/CHARM/charm/trunk/wam/libwamtiming/src/../../../third-party/libbarrett-1.2.1/include/barrett/math/detail/utils-inl.h:132:56: error: expected ‘>’ before ‘<’ token
/home/justin/Research/CHARM/charm/trunk/wam/libwamtiming/src/../../../third-party/libbarrett-1.2.1/include/barrett/math/detail/utils-inl.h:132:73: error: template argument 1 is invalid
  detail::CwiseUnarySaturateOp<typename Eigen::ei_traits<Derived>::Scalar>,
                                                                         ^
/home/justin/Research/CHARM/charm/trunk/wam/libwamtiming/src/../../../third-party/libbarrett-1.2.1/include/barrett/math/detail/utils-inl.h:132:74: error: expected ‘::’ before ‘,’ token
  detail::CwiseUnarySaturateOp<typename Eigen::ei_traits<Derived>::Scalar>,
                                                                          ^
/home/justin/Research/CHARM/charm/trunk/wam/libwamtiming/src/../../../third-party/libbarrett-1.2.1/include/barrett/math/detail/utils-inl.h:132:74: error: expected identifier before ‘,’ token
/home/justin/Research/CHARM/charm/trunk/wam/libwamtiming/src/../../../third-party/libbarrett-1.2.1/include/barrett/math/detail/utils-inl.h:134:1: error: template argument 1 is invalid
 > saturate(const Eigen::MatrixBase<Derived>& x, double limit)
 ^
/home/justin/Research/CHARM/charm/trunk/wam/libwamtiming/src/../../../third-party/libbarrett-1.2.1/include/barrett/math/detail/utils-inl.h:134:3: error: expected ‘::’ before ‘saturate’
 > saturate(const Eigen::MatrixBase<Derived>& x, double limit)
   ^
/home/justin/Research/CHARM/charm/trunk/wam/libwamtiming/src/../../../third-party/libbarrett-1.2.1/include/barrett/math/detail/utils-inl.h: In function ‘const int barrett::math::saturate(const Eigen::MatrixBase<Derived>&, double)’:
/home/justin/Research/CHARM/charm/trunk/wam/libwamtiming/src/../../../third-party/libbarrett-1.2.1/include/barrett/math/detail/utils-inl.h:136:66: error: ‘ei_traits’ in namespace ‘Eigen’ does not name a type
  return x.unaryExpr(detail::CwiseUnarySaturateOp<typename Eigen::ei_traits<Derived>::Scalar>(-limit, limit));
                                                                  ^
/home/justin/Research/CHARM/charm/trunk/wam/libwamtiming/src/../../../third-party/libbarrett-1.2.1/include/barrett/math/detail/utils-inl.h:136:75: error: expected template-argument before ‘<’ token
  return x.unaryExpr(detail::CwiseUnarySaturateOp<typename Eigen::ei_traits<Derived>::Scalar>(-limit, limit));
                                                                           ^
/home/justin/Research/CHARM/charm/trunk/wam/libwamtiming/src/../../../third-party/libbarrett-1.2.1/include/barrett/math/detail/utils-inl.h:136:75: error: expected ‘>’ before ‘<’ token
/home/justin/Research/CHARM/charm/trunk/wam/libwamtiming/src/../../../third-party/libbarrett-1.2.1/include/barrett/math/detail/utils-inl.h:136:92: error: template argument 1 is invalid
  return x.unaryExpr(detail::CwiseUnarySaturateOp<typename Eigen::ei_traits<Derived>::Scalar>(-limit, limit));
                                                                                            ^
/home/justin/Research/CHARM/charm/trunk/wam/libwamtiming/src/../../../third-party/libbarrett-1.2.1/include/barrett/math/detail/utils-inl.h:136:93: error: expected ‘::’ before ‘(’ token
  return x.unaryExpr(detail::CwiseUnarySaturateOp<typename Eigen::ei_traits<Derived>::Scalar>(-limit, limit));
                                                                                             ^
/home/justin/Research/CHARM/charm/trunk/wam/libwamtiming/src/../../../third-party/libbarrett-1.2.1/include/barrett/math/detail/utils-inl.h:136:93: error: expected identifier before ‘(’ token
/home/justin/Research/CHARM/charm/trunk/wam/libwamtiming/src/../../../third-party/libbarrett-1.2.1/include/barrett/math/detail/utils-inl.h: At global scope:
/home/justin/Research/CHARM/charm/trunk/wam/libwamtiming/src/../../../third-party/libbarrett-1.2.1/include/barrett/math/detail/utils-inl.h:141:48: error: ‘ei_traits’ in namespace ‘Eigen’ does not name a type
  detail::CwiseBinarySaturateOp<typename Eigen::ei_traits<Derived1>::Scalar>,
                                                ^
/home/justin/Research/CHARM/charm/trunk/wam/libwamtiming/src/../../../third-party/libbarrett-1.2.1/include/barrett/math/detail/utils-inl.h:141:57: error: expected template-argument before ‘<’ token
  detail::CwiseBinarySaturateOp<typename Eigen::ei_traits<Derived1>::Scalar>,
                                                         ^
/home/justin/Research/CHARM/charm/trunk/wam/libwamtiming/src/../../../third-party/libbarrett-1.2.1/include/barrett/math/detail/utils-inl.h:141:57: error: expected ‘>’ before ‘<’ token
/home/justin/Research/CHARM/charm/trunk/wam/libwamtiming/src/../../../third-party/libbarrett-1.2.1/include/barrett/math/detail/utils-inl.h:141:75: error: template argument 1 is invalid
  detail::CwiseBinarySaturateOp<typename Eigen::ei_traits<Derived1>::Scalar>,
                                                                           ^
/home/justin/Research/CHARM/charm/trunk/wam/libwamtiming/src/../../../third-party/libbarrett-1.2.1/include/barrett/math/detail/utils-inl.h:141:76: error: expected ‘::’ before ‘,’ token
  detail::CwiseBinarySaturateOp<typename Eigen::ei_traits<Derived1>::Scalar>,
                                                                            ^
/home/justin/Research/CHARM/charm/trunk/wam/libwamtiming/src/../../../third-party/libbarrett-1.2.1/include/barrett/math/detail/utils-inl.h:141:76: error: expected identifier before ‘,’ token
/home/justin/Research/CHARM/charm/trunk/wam/libwamtiming/src/../../../third-party/libbarrett-1.2.1/include/barrett/math/detail/utils-inl.h:144:1: error: template argument 1 is invalid
 > saturate(const Eigen::MatrixBase<Derived1>& x, const Eigen::MatrixBase<Derived2>& limit)
 ^
/home/justin/Research/CHARM/charm/trunk/wam/libwamtiming/src/../../../third-party/libbarrett-1.2.1/include/barrett/math/detail/utils-inl.h:144:3: error: expected ‘::’ before ‘saturate’
 > saturate(const Eigen::MatrixBase<Derived1>& x, const Eigen::MatrixBase<Derived2>& limit)
   ^
/home/justin/Research/CHARM/charm/trunk/wam/libwamtiming/src/../../../third-party/libbarrett-1.2.1/include/barrett/math/detail/utils-inl.h: In function ‘const int barrett::math::saturate(const Eigen::MatrixBase<Derived>&, const Eigen::MatrixBase<U>&)’:
/home/justin/Research/CHARM/charm/trunk/wam/libwamtiming/src/../../../third-party/libbarrett-1.2.1/include/barrett/math/detail/utils-inl.h:146:75: error: ‘ei_traits’ in namespace ‘Eigen’ does not name a type
  return x.binaryExpr(limit, detail::CwiseBinarySaturateOp<typename Eigen::ei_traits<Derived1>::Scalar>());
                                                                           ^
/home/justin/Research/CHARM/charm/trunk/wam/libwamtiming/src/../../../third-party/libbarrett-1.2.1/include/barrett/math/detail/utils-inl.h:146:84: error: expected template-argument before ‘<’ token
  return x.binaryExpr(limit, detail::CwiseBinarySaturateOp<typename Eigen::ei_traits<Derived1>::Scalar>());
                                                                                    ^
/home/justin/Research/CHARM/charm/trunk/wam/libwamtiming/src/../../../third-party/libbarrett-1.2.1/include/barrett/math/detail/utils-inl.h:146:84: error: expected ‘>’ before ‘<’ token
/home/justin/Research/CHARM/charm/trunk/wam/libwamtiming/src/../../../third-party/libbarrett-1.2.1/include/barrett/math/detail/utils-inl.h:146:102: error: template argument 1 is invalid
  return x.binaryExpr(limit, detail::CwiseBinarySaturateOp<typename Eigen::ei_traits<Derived1>::Scalar>());
                                                                                                      ^
/home/justin/Research/CHARM/charm/trunk/wam/libwamtiming/src/../../../third-party/libbarrett-1.2.1/include/barrett/math/detail/utils-inl.h:146:103: error: expected ‘::’ before ‘(’ token
  return x.binaryExpr(limit, detail::CwiseBinarySaturateOp<typename Eigen::ei_traits<Derived1>::Scalar>());
                                                                                                       ^
/home/justin/Research/CHARM/charm/trunk/wam/libwamtiming/src/../../../third-party/libbarrett-1.2.1/include/barrett/math/detail/utils-inl.h:146:103: error: expected identifier before ‘(’ token
/home/justin/Research/CHARM/charm/trunk/wam/libwamtiming/src/../../../third-party/libbarrett-1.2.1/include/barrett/math/detail/utils-inl.h: At global scope:
/home/justin/Research/CHARM/charm/trunk/wam/libwamtiming/src/../../../third-party/libbarrett-1.2.1/include/barrett/math/detail/utils-inl.h:157:47: error: ‘ei_traits’ in namespace ‘Eigen’ does not name a type
  detail::CwiseUnarySaturateOp<typename Eigen::ei_traits<Derived>::Scalar>,
                                               ^
/home/justin/Research/CHARM/charm/trunk/wam/libwamtiming/src/../../../third-party/libbarrett-1.2.1/include/barrett/math/detail/utils-inl.h:157:56: error: expected template-argument before ‘<’ token
  detail::CwiseUnarySaturateOp<typename Eigen::ei_traits<Derived>::Scalar>,
                                                        ^
/home/justin/Research/CHARM/charm/trunk/wam/libwamtiming/src/../../../third-party/libbarrett-1.2.1/include/barrett/math/detail/utils-inl.h:157:56: error: expected ‘>’ before ‘<’ token
/home/justin/Research/CHARM/charm/trunk/wam/libwamtiming/src/../../../third-party/libbarrett-1.2.1/include/barrett/math/detail/utils-inl.h:157:73: error: template argument 1 is invalid
  detail::CwiseUnarySaturateOp<typename Eigen::ei_traits<Derived>::Scalar>,
                                                                         ^
/home/justin/Research/CHARM/charm/trunk/wam/libwamtiming/src/../../../third-party/libbarrett-1.2.1/include/barrett/math/detail/utils-inl.h:157:74: error: expected ‘::’ before ‘,’ token
  detail::CwiseUnarySaturateOp<typename Eigen::ei_traits<Derived>::Scalar>,
                                                                          ^
/home/justin/Research/CHARM/charm/trunk/wam/libwamtiming/src/../../../third-party/libbarrett-1.2.1/include/barrett/math/detail/utils-inl.h:157:74: error: expected identifier before ‘,’ token
/home/justin/Research/CHARM/charm/trunk/wam/libwamtiming/src/../../../third-party/libbarrett-1.2.1/include/barrett/math/detail/utils-inl.h:159:1: error: template argument 1 is invalid
 > saturate(const Eigen::MatrixBase<Derived>& x, double lowerLimit, double upperLimit)
 ^
/home/justin/Research/CHARM/charm/trunk/wam/libwamtiming/src/../../../third-party/libbarrett-1.2.1/include/barrett/math/detail/utils-inl.h:159:3: error: expected ‘::’ before ‘saturate’
 > saturate(const Eigen::MatrixBase<Derived>& x, double lowerLimit, double upperLimit)
   ^
/home/justin/Research/CHARM/charm/trunk/wam/libwamtiming/src/../../../third-party/libbarrett-1.2.1/include/barrett/math/detail/utils-inl.h: In function ‘const int barrett::math::saturate(const Eigen::MatrixBase<Derived>&, double, double)’:
/home/justin/Research/CHARM/charm/trunk/wam/libwamtiming/src/../../../third-party/libbarrett-1.2.1/include/barrett/math/detail/utils-inl.h:161:66: error: ‘ei_traits’ in namespace ‘Eigen’ does not name a type
  return x.unaryExpr(detail::CwiseUnarySaturateOp<typename Eigen::ei_traits<Derived>::Scalar>(lowerLimit, upperLimit));
                                                                  ^
/home/justin/Research/CHARM/charm/trunk/wam/libwamtiming/src/../../../third-party/libbarrett-1.2.1/include/barrett/math/detail/utils-inl.h:161:75: error: expected template-argument before ‘<’ token
  return x.unaryExpr(detail::CwiseUnarySaturateOp<typename Eigen::ei_traits<Derived>::Scalar>(lowerLimit, upperLimit));
                                                                           ^
/home/justin/Research/CHARM/charm/trunk/wam/libwamtiming/src/../../../third-party/libbarrett-1.2.1/include/barrett/math/detail/utils-inl.h:161:75: error: expected ‘>’ before ‘<’ token
/home/justin/Research/CHARM/charm/trunk/wam/libwamtiming/src/../../../third-party/libbarrett-1.2.1/include/barrett/math/detail/utils-inl.h:161:92: error: template argument 1 is invalid
  return x.unaryExpr(detail::CwiseUnarySaturateOp<typename Eigen::ei_traits<Derived>::Scalar>(lowerLimit, upperLimit));
                                                                                            ^
/home/justin/Research/CHARM/charm/trunk/wam/libwamtiming/src/../../../third-party/libbarrett-1.2.1/include/barrett/math/detail/utils-inl.h:161:93: error: expected ‘::’ before ‘(’ token
  return x.unaryExpr(detail::CwiseUnarySaturateOp<typename Eigen::ei_traits<Derived>::Scalar>(lowerLimit, upperLimit));
                                                                                             ^
/home/justin/Research/CHARM/charm/trunk/wam/libwamtiming/src/../../../third-party/libbarrett-1.2.1/include/barrett/math/detail/utils-inl.h:161:93: error: expected identifier before ‘(’ token
/home/justin/Research/CHARM/charm/trunk/wam/libwamtiming/src/../../../third-party/libbarrett-1.2.1/include/barrett/math/detail/utils-inl.h: At global scope:
/home/justin/Research/CHARM/charm/trunk/wam/libwamtiming/src/../../../third-party/libbarrett-1.2.1/include/barrett/math/detail/utils-inl.h:198:47: error: ‘ei_traits’ in namespace ‘Eigen’ does not name a type
  detail::CwiseUnaryDeadbandOp<typename Eigen::ei_traits<Derived>::Scalar>,
                                               ^
/home/justin/Research/CHARM/charm/trunk/wam/libwamtiming/src/../../../third-party/libbarrett-1.2.1/include/barrett/math/detail/utils-inl.h:198:56: error: expected template-argument before ‘<’ token
  detail::CwiseUnaryDeadbandOp<typename Eigen::ei_traits<Derived>::Scalar>,
                                                        ^
/home/justin/Research/CHARM/charm/trunk/wam/libwamtiming/src/../../../third-party/libbarrett-1.2.1/include/barrett/math/detail/utils-inl.h:198:56: error: expected ‘>’ before ‘<’ token
/home/justin/Research/CHARM/charm/trunk/wam/libwamtiming/src/../../../third-party/libbarrett-1.2.1/include/barrett/math/detail/utils-inl.h:198:73: error: template argument 1 is invalid
  detail::CwiseUnaryDeadbandOp<typename Eigen::ei_traits<Derived>::Scalar>,
                                                                         ^
/home/justin/Research/CHARM/charm/trunk/wam/libwamtiming/src/../../../third-party/libbarrett-1.2.1/include/barrett/math/detail/utils-inl.h:198:74: error: expected ‘::’ before ‘,’ token
  detail::CwiseUnaryDeadbandOp<typename Eigen::ei_traits<Derived>::Scalar>,
                                                                          ^
/home/justin/Research/CHARM/charm/trunk/wam/libwamtiming/src/../../../third-party/libbarrett-1.2.1/include/barrett/math/detail/utils-inl.h:198:74: error: expected identifier before ‘,’ token
/home/justin/Research/CHARM/charm/trunk/wam/libwamtiming/src/../../../third-party/libbarrett-1.2.1/include/barrett/math/detail/utils-inl.h:200:1: error: template argument 1 is invalid
 > deadband(const Eigen::MatrixBase<Derived>& x, double cutoff)
 ^
/home/justin/Research/CHARM/charm/trunk/wam/libwamtiming/src/../../../third-party/libbarrett-1.2.1/include/barrett/math/detail/utils-inl.h:200:3: error: expected ‘::’ before ‘deadband’
 > deadband(const Eigen::MatrixBase<Derived>& x, double cutoff)
   ^
/home/justin/Research/CHARM/charm/trunk/wam/libwamtiming/src/../../../third-party/libbarrett-1.2.1/include/barrett/math/detail/utils-inl.h: In function ‘const int barrett::math::deadband(const Eigen::MatrixBase<Derived>&, double)’:
/home/justin/Research/CHARM/charm/trunk/wam/libwamtiming/src/../../../third-party/libbarrett-1.2.1/include/barrett/math/detail/utils-inl.h:202:66: error: ‘ei_traits’ in namespace ‘Eigen’ does not name a type
  return x.unaryExpr(detail::CwiseUnaryDeadbandOp<typename Eigen::ei_traits<Derived>::Scalar>(cutoff));
                                                                  ^
/home/justin/Research/CHARM/charm/trunk/wam/libwamtiming/src/../../../third-party/libbarrett-1.2.1/include/barrett/math/detail/utils-inl.h:202:75: error: expected template-argument before ‘<’ token
  return x.unaryExpr(detail::CwiseUnaryDeadbandOp<typename Eigen::ei_traits<Derived>::Scalar>(cutoff));
                                                                           ^
/home/justin/Research/CHARM/charm/trunk/wam/libwamtiming/src/../../../third-party/libbarrett-1.2.1/include/barrett/math/detail/utils-inl.h:202:75: error: expected ‘>’ before ‘<’ token
/home/justin/Research/CHARM/charm/trunk/wam/libwamtiming/src/../../../third-party/libbarrett-1.2.1/include/barrett/math/detail/utils-inl.h:202:92: error: template argument 1 is invalid
  return x.unaryExpr(detail::CwiseUnaryDeadbandOp<typename Eigen::ei_traits<Derived>::Scalar>(cutoff));
                                                                                            ^
/home/justin/Research/CHARM/charm/trunk/wam/libwamtiming/src/../../../third-party/libbarrett-1.2.1/include/barrett/math/detail/utils-inl.h:202:93: error: expected ‘::’ before ‘(’ token
  return x.unaryExpr(detail::CwiseUnaryDeadbandOp<typename Eigen::ei_traits<Derived>::Scalar>(cutoff));
                                                                                             ^
/home/justin/Research/CHARM/charm/trunk/wam/libwamtiming/src/../../../third-party/libbarrett-1.2.1/include/barrett/math/detail/utils-inl.h:202:93: error: expected identifier before ‘(’ token
/home/justin/Research/CHARM/charm/trunk/wam/libwamtiming/src/../../../third-party/libbarrett-1.2.1/include/barrett/math/detail/utils-inl.h: At global scope:
/home/justin/Research/CHARM/charm/trunk/wam/libwamtiming/src/../../../third-party/libbarrett-1.2.1/include/barrett/math/detail/utils-inl.h:207:48: error: ‘ei_traits’ in namespace ‘Eigen’ does not name a type
  detail::CwiseBinaryDeadbandOp<typename Eigen::ei_traits<Derived1>::Scalar>,
                                                ^
/home/justin/Research/CHARM/charm/trunk/wam/libwamtiming/src/../../../third-party/libbarrett-1.2.1/include/barrett/math/detail/utils-inl.h:207:57: error: expected template-argument before ‘<’ token
  detail::CwiseBinaryDeadbandOp<typename Eigen::ei_traits<Derived1>::Scalar>,
                                                         ^
/home/justin/Research/CHARM/charm/trunk/wam/libwamtiming/src/../../../third-party/libbarrett-1.2.1/include/barrett/math/detail/utils-inl.h:207:57: error: expected ‘>’ before ‘<’ token
/home/justin/Research/CHARM/charm/trunk/wam/libwamtiming/src/../../../third-party/libbarrett-1.2.1/include/barrett/math/detail/utils-inl.h:207:75: error: template argument 1 is invalid
  detail::CwiseBinaryDeadbandOp<typename Eigen::ei_traits<Derived1>::Scalar>,
                                                                           ^
/home/justin/Research/CHARM/charm/trunk/wam/libwamtiming/src/../../../third-party/libbarrett-1.2.1/include/barrett/math/detail/utils-inl.h:207:76: error: expected ‘::’ before ‘,’ token
  detail::CwiseBinaryDeadbandOp<typename Eigen::ei_traits<Derived1>::Scalar>,
                                                                            ^
/home/justin/Research/CHARM/charm/trunk/wam/libwamtiming/src/../../../third-party/libbarrett-1.2.1/include/barrett/math/detail/utils-inl.h:207:76: error: expected identifier before ‘,’ token
/home/justin/Research/CHARM/charm/trunk/wam/libwamtiming/src/../../../third-party/libbarrett-1.2.1/include/barrett/math/detail/utils-inl.h:210:1: error: template argument 1 is invalid
 > deadband(const Eigen::MatrixBase<Derived1>& x, const Eigen::MatrixBase<Derived2>& cutoff)
 ^
/home/justin/Research/CHARM/charm/trunk/wam/libwamtiming/src/../../../third-party/libbarrett-1.2.1/include/barrett/math/detail/utils-inl.h:210:3: error: expected ‘::’ before ‘deadband’
 > deadband(const Eigen::MatrixBase<Derived1>& x, const Eigen::MatrixBase<Derived2>& cutoff)
   ^
/home/justin/Research/CHARM/charm/trunk/wam/libwamtiming/src/../../../third-party/libbarrett-1.2.1/include/barrett/math/detail/utils-inl.h: In function ‘const int barrett::math::deadband(const Eigen::MatrixBase<Derived>&, const Eigen::MatrixBase<U>&)’:
/home/justin/Research/CHARM/charm/trunk/wam/libwamtiming/src/../../../third-party/libbarrett-1.2.1/include/barrett/math/detail/utils-inl.h:212:76: error: ‘ei_traits’ in namespace ‘Eigen’ does not name a type
  return x.binaryExpr(cutoff, detail::CwiseBinaryDeadbandOp<typename Eigen::ei_traits<Derived1>::Scalar>());
                                                                            ^
/home/justin/Research/CHARM/charm/trunk/wam/libwamtiming/src/../../../third-party/libbarrett-1.2.1/include/barrett/math/detail/utils-inl.h:212:85: error: expected template-argument before ‘<’ token
  return x.binaryExpr(cutoff, detail::CwiseBinaryDeadbandOp<typename Eigen::ei_traits<Derived1>::Scalar>());
                                                                                     ^
/home/justin/Research/CHARM/charm/trunk/wam/libwamtiming/src/../../../third-party/libbarrett-1.2.1/include/barrett/math/detail/utils-inl.h:212:85: error: expected ‘>’ before ‘<’ token
/home/justin/Research/CHARM/charm/trunk/wam/libwamtiming/src/../../../third-party/libbarrett-1.2.1/include/barrett/math/detail/utils-inl.h:212:103: error: template argument 1 is invalid
  return x.binaryExpr(cutoff, detail::CwiseBinaryDeadbandOp<typename Eigen::ei_traits<Derived1>::Scalar>());
                                                                                                       ^
/home/justin/Research/CHARM/charm/trunk/wam/libwamtiming/src/../../../third-party/libbarrett-1.2.1/include/barrett/math/detail/utils-inl.h:212:104: error: expected ‘::’ before ‘(’ token
  return x.binaryExpr(cutoff, detail::CwiseBinaryDeadbandOp<typename Eigen::ei_traits<Derived1>::Scalar>());
                                                                                                        ^
/home/justin/Research/CHARM/charm/trunk/wam/libwamtiming/src/../../../third-party/libbarrett-1.2.1/include/barrett/math/detail/utils-inl.h:212:104: error: expected identifier before ‘(’ token
In file included from /home/justin/Research/CHARM/charm/trunk/wam/libwamtiming/src/../../../third-party/libbarrett-1.2.1/include/barrett/products/low_level_wam.h:110:0,
                 from /home/justin/Research/CHARM/charm/trunk/wam/libwamtiming/src/../../../third-party/libbarrett-1.2.1/include/barrett/systems/wam.h:44,
                 from /home/justin/Research/CHARM/charm/trunk/wam/libwamtiming/src/../../../third-party/libbarrett-1.2.1/include/barrett/systems.h:43,
                 from /home/justin/Research/CHARM/charm/trunk/wam/libwamtiming/src/../include/wamarmposer.h:4,
                 from /home/justin/Research/CHARM/charm/trunk/wam/libwamtiming/src/wamarmposer.cc:1:
/home/justin/Research/CHARM/charm/trunk/wam/libwamtiming/src/../../../third-party/libbarrett-1.2.1/include/barrett/products/detail/low_level_wam-inl.h: In constructor ‘barrett::LowLevelWam<DOF>::LowLevelWam(const std::vector<barrett::Puck*>&, barrett::SafetyModule*, const libconfig::Setting&, std::vector<int>)’:
/home/justin/Research/CHARM/charm/trunk/wam/libwamtiming/src/../../../third-party/libbarrett-1.2.1/include/barrett/products/detail/low_level_wam-inl.h:86:2: error: ‘LU’ is not a member of ‘Eigen’
  Eigen::LU<typename sqm_type::Base> lu(j2mp);
  ^
/home/justin/Research/CHARM/charm/trunk/wam/libwamtiming/src/../../../third-party/libbarrett-1.2.1/include/barrett/products/detail/low_level_wam-inl.h:86:35: error: expected ‘(’ before ‘>’ token
  Eigen::LU<typename sqm_type::Base> lu(j2mp);
                                   ^
/home/justin/Research/CHARM/charm/trunk/wam/libwamtiming/src/../../../third-party/libbarrett-1.2.1/include/barrett/products/detail/low_level_wam-inl.h:87:7: error: ‘lu’ was not declared in this scope
  if (!lu.isInvertible()) {
       ^
/home/justin/Research/CHARM/charm/trunk/wam/libwamtiming/src/../../../third-party/libbarrett-1.2.1/include/barrett/products/detail/low_level_wam-inl.h:91:2: error: ‘lu’ was not declared in this scope
  lu.computeInverse(&m2jp);
  ^
In file included from /home/justin/Research/CHARM/charm/trunk/wam/libwamtiming/src/../../../third-party/libbarrett-1.2.1/include/barrett/units.h:135:0,
                 from /home/justin/Research/CHARM/charm/trunk/wam/libwamtiming/src/../../../third-party/libbarrett-1.2.1/include/barrett/systems/wam.h:43,
                 from /home/justin/Research/CHARM/charm/trunk/wam/libwamtiming/src/../../../third-party/libbarrett-1.2.1/include/barrett/systems.h:43,
                 from /home/justin/Research/CHARM/charm/trunk/wam/libwamtiming/src/../include/wamarmposer.h:4,
                 from /home/justin/Research/CHARM/charm/trunk/wam/libwamtiming/src/wamarmposer.cc:1:
/home/justin/Research/CHARM/charm/trunk/wam/libwamtiming/src/../../../third-party/libbarrett-1.2.1/include/barrett/math/matrix.h: In instantiation of ‘struct barrett::math::Traits<Eigen::MatrixBase<Eigen::Matrix<double, 3, 1, 1, 3, 1> > >’:
/home/justin/Research/CHARM/charm/trunk/wam/libwamtiming/src/../../../third-party/libbarrett-1.2.1/include/barrett/math/matrix.h:341:47:   required from ‘struct barrett::math::Traits<barrett::math::Matrix<3, 1, barrett::units::CartesianPosition> >’
/home/justin/Research/CHARM/charm/trunk/wam/libwamtiming/src/../../../third-party/libbarrett-1.2.1/include/barrett/systems/pid_controller.h:55:45:   required from ‘class barrett::systems::PIDController<barrett::math::Matrix<3, 1, barrett::units::CartesianPosition>, barrett::math::Matrix<3, 1, barrett::units::CartesianForce> >’
/home/justin/Research/CHARM/charm/trunk/wam/libwamtiming/src/../../../third-party/libbarrett-1.2.1/include/barrett/systems/wam.h:94:34:   required from here
/home/justin/Research/CHARM/charm/trunk/wam/libwamtiming/src/../../../third-party/libbarrett-1.2.1/include/barrett/math/matrix.h:291:2: error: no type named ‘PlainMatrixType’ in ‘class Eigen::MatrixBase<Eigen::Matrix<double, 3, 1, 1, 3, 1> >’
  sub(double l, const Eigen::MatrixBase<Derived>& r) {
  ^
/home/justin/Research/CHARM/charm/trunk/wam/libwamtiming/src/../../../third-party/libbarrett-1.2.1/include/barrett/math/matrix.h:335:2: error: no type named ‘PlainMatrixType’ in ‘class Eigen::MatrixBase<Eigen::Matrix<double, 3, 1, 1, 3, 1> >’
  div(double l, const Eigen::MatrixBase<Derived>& r) {
  ^
In file included from /home/justin/Research/CHARM/charm/trunk/wam/libwamtiming/src/../../../third-party/libbarrett-1.2.1/include/barrett/systems.h:76:0,
                 from /home/justin/Research/CHARM/charm/trunk/wam/libwamtiming/src/../include/wamarmposer.h:4,
                 from /home/justin/Research/CHARM/charm/trunk/wam/libwamtiming/src/wamarmposer.cc:1:
/home/justin/Research/CHARM/charm/trunk/wam/libwamtiming/src/../../../third-party/libbarrett-1.2.1/include/barrett/systems/haptic_box.h: In member function ‘virtual void barrett::systems::HapticBox::operate()’:
/home/justin/Research/CHARM/charm/trunk/wam/libwamtiming/src/../../../third-party/libbarrett-1.2.1/include/barrett/systems/haptic_box.h:79:23: error: ‘barrett::systems::HapticBox::cf_type’ has no member named ‘cwise’
   bool outside = (pos.cwise().abs().cwise() > halfSize).any();
                       ^
/home/justin/Research/CHARM/charm/trunk/wam/libwamtiming/src/../../../third-party/libbarrett-1.2.1/include/barrett/systems/haptic_box.h:85:21: error: ‘barrett::systems::HapticBox::cf_type’ has no member named ‘cwise’
     (halfSize - pos.cwise().abs()).minCoeff(&index);
                     ^
/home/justin/Research/CHARM/charm/trunk/wam/libwamtiming/src/../../../third-party/libbarrett-1.2.1/include/barrett/systems/haptic_box.h:104:26: error: ‘barrett::systems::HapticBox::cf_type’ has no member named ‘cwise’
     dir = halfSize - pos.cwise().abs();
                          ^
/home/justin/Research/CHARM/charm/trunk/wam/libwamtiming/src/../../../third-party/libbarrett-1.2.1/include/barrett/systems/haptic_box.h:105:15: error: ‘barrett::systems::HapticBox::cf_type’ has no member named ‘cwise’
     dir = dir.cwise() * (dir.cwise() < 0.0).cast<double>();
               ^
/home/justin/Research/CHARM/charm/trunk/wam/libwamtiming/src/../../../third-party/libbarrett-1.2.1/include/barrett/systems/haptic_box.h:105:30: error: ‘barrett::systems::HapticBox::cf_type’ has no member named ‘cwise’
     dir = dir.cwise() * (dir.cwise() < 0.0).cast<double>();
                              ^
/home/justin/Research/CHARM/charm/trunk/wam/libwamtiming/src/../../../third-party/libbarrett-1.2.1/include/barrett/systems/haptic_box.h:105:50: error: expected primary-expression before ‘double’
     dir = dir.cwise() * (dir.cwise() < 0.0).cast<double>();
                                                  ^
/home/justin/Research/CHARM/charm/trunk/wam/libwamtiming/src/../../../third-party/libbarrett-1.2.1/include/barrett/systems/haptic_box.h:105:50: error: expected ‘;’ before ‘double’
/home/justin/Research/CHARM/charm/trunk/wam/libwamtiming/src/../../../third-party/libbarrett-1.2.1/include/barrett/systems/haptic_box.h:106:15: error: ‘barrett::systems::HapticBox::cf_type’ has no member named ‘cwise’
     dir = dir.cwise() * math::sign(pos);
               ^
In file included from /home/justin/Research/CHARM/charm/trunk/wam/libwamtiming/src/../../../third-party/libbarrett-1.2.1/include/barrett/units.h:135:0,
                 from /home/justin/Research/CHARM/charm/trunk/wam/libwamtiming/src/../../../third-party/libbarrett-1.2.1/include/barrett/systems/wam.h:43,
                 from /home/justin/Research/CHARM/charm/trunk/wam/libwamtiming/src/../../../third-party/libbarrett-1.2.1/include/barrett/systems.h:43,
                 from /home/justin/Research/CHARM/charm/trunk/wam/libwamtiming/src/../include/wamarmposer.h:4,
                 from /home/justin/Research/CHARM/charm/trunk/wam/libwamtiming/src/wamarmposer.cc:1:
/home/justin/Research/CHARM/charm/trunk/wam/libwamtiming/src/../../../third-party/libbarrett-1.2.1/include/barrett/math/matrix.h: In instantiation of ‘struct barrett::math::Traits<Eigen::MatrixBase<Eigen::Matrix<double, 4, 1, 1, 4, 1> > >’:
/home/justin/Research/CHARM/charm/trunk/wam/libwamtiming/src/../../../third-party/libbarrett-1.2.1/include/barrett/math/matrix.h:341:47:   required from ‘struct barrett::math::Traits<barrett::math::Matrix<4, 1, barrett::units::JointTorques<4> > >’
/home/justin/Research/CHARM/charm/trunk/wam/libwamtiming/src/../../../third-party/libbarrett-1.2.1/include/barrett/systems/gain.h:51:72:   required from ‘class barrett::systems::Wam<4ul>’
/home/justin/Research/CHARM/charm/trunk/wam/libwamtiming/src/../../../third-party/libbarrett-1.2.1/include/barrett/standard_main_function.h:110:112:   required from here
/home/justin/Research/CHARM/charm/trunk/wam/libwamtiming/src/../../../third-party/libbarrett-1.2.1/include/barrett/math/matrix.h:291:2: error: no type named ‘PlainMatrixType’ in ‘class Eigen::MatrixBase<Eigen::Matrix<double, 4, 1, 1, 4, 1> >’
  sub(double l, const Eigen::MatrixBase<Derived>& r) {
  ^
/home/justin/Research/CHARM/charm/trunk/wam/libwamtiming/src/../../../third-party/libbarrett-1.2.1/include/barrett/math/matrix.h:335:2: error: no type named ‘PlainMatrixType’ in ‘class Eigen::MatrixBase<Eigen::Matrix<double, 4, 1, 1, 4, 1> >’
  div(double l, const Eigen::MatrixBase<Derived>& r) {
  ^
/home/justin/Research/CHARM/charm/trunk/wam/libwamtiming/src/../../../third-party/libbarrett-1.2.1/include/barrett/math/matrix.h: In instantiation of ‘struct barrett::math::Traits<Eigen::MatrixBase<Eigen::Matrix<double, 7, 1, 1, 7, 1> > >’:
/home/justin/Research/CHARM/charm/trunk/wam/libwamtiming/src/../../../third-party/libbarrett-1.2.1/include/barrett/math/matrix.h:341:47:   required from ‘struct barrett::math::Traits<barrett::math::Matrix<7, 1, barrett::units::JointTorques<7> > >’
/home/justin/Research/CHARM/charm/trunk/wam/libwamtiming/src/../../../third-party/libbarrett-1.2.1/include/barrett/systems/gain.h:51:72:   required from ‘class barrett::systems::Wam<7ul>’
/home/justin/Research/CHARM/charm/trunk/wam/libwamtiming/src/../../../third-party/libbarrett-1.2.1/include/barrett/standard_main_function.h:112:112:   required from here
/home/justin/Research/CHARM/charm/trunk/wam/libwamtiming/src/../../../third-party/libbarrett-1.2.1/include/barrett/math/matrix.h:291:2: error: no type named ‘PlainMatrixType’ in ‘class Eigen::MatrixBase<Eigen::Matrix<double, 7, 1, 1, 7, 1> >’
  sub(double l, const Eigen::MatrixBase<Derived>& r) {
  ^
/home/justin/Research/CHARM/charm/trunk/wam/libwamtiming/src/../../../third-party/libbarrett-1.2.1/include/barrett/math/matrix.h:335:2: error: no type named ‘PlainMatrixType’ in ‘class Eigen::MatrixBase<Eigen::Matrix<double, 7, 1, 1, 7, 1> >’
  div(double l, const Eigen::MatrixBase<Derived>& r) {
  ^
In file included from /usr/include/eigen3/Eigen/Core:254:0,
                 from /home/justin/Research/CHARM/charm/trunk/wam/libwamtiming/src/../../../third-party/libbarrett-1.2.1/include/barrett/systems/wam.h:39,
                 from /home/justin/Research/CHARM/charm/trunk/wam/libwamtiming/src/../../../third-party/libbarrett-1.2.1/include/barrett/systems.h:43,
                 from /home/justin/Research/CHARM/charm/trunk/wam/libwamtiming/src/../include/wamarmposer.h:4,
                 from /home/justin/Research/CHARM/charm/trunk/wam/libwamtiming/src/wamarmposer.cc:1:
/usr/include/eigen3/Eigen/src/Core/PlainObjectBase.h: In instantiation of ‘static void Eigen::PlainObjectBase<Derived>::_check_template_params() [with Derived = Eigen::Matrix<double, 3, 1, 1, 3, 1>]’:
/usr/include/eigen3/Eigen/src/Core/Matrix.h:287:36:   required from ‘Eigen::Matrix<_Scalar, _Rows, _Cols, _Options, _MaxRows, _MaxCols>::Matrix(const Eigen::Matrix<_Scalar, _Rows, _Cols, _Options, _MaxRows, _MaxCols>&) [with _Scalar = double; int _Rows = 3; int _Cols = 1; int _Options = 1; int _MaxRows = 3; int _MaxCols = 1]’
/home/justin/Research/CHARM/charm/trunk/wam/libwamtiming/src/../../../third-party/libbarrett-1.2.1/include/barrett/math/detail/matrix-inl.h:145:20:   required from ‘barrett::math::Matrix<R, C, Units>::Matrix(const barrett::math::Matrix<R, C, Units>&) [with int R = 3; int C = 1; Units = barrett::units::CartesianPosition]’
/home/justin/Research/CHARM/charm/trunk/wam/libwamtiming/src/../../../third-party/libbarrett-1.2.1/include/barrett/systems/haptic_ball.h:56:24:   required from here
/usr/include/eigen3/Eigen/src/Core/util/StaticAssert.h:112:9: error: ‘INVALID_MATRIX_TEMPLATE_PARAMETERS’ is not a member of ‘Eigen::internal::static_assertion<false>’
         if (Eigen::internal::static_assertion<bool(CONDITION)>::MSG) {}
         ^
/usr/include/eigen3/Eigen/src/Core/PlainObjectBase.h:654:7: note: in expansion of macro ‘EIGEN_STATIC_ASSERT’
       EIGEN_STATIC_ASSERT((EIGEN_IMPLIES(MaxRowsAtCompileTime==1 && MaxColsAtCompileTime!=1, (Options&RowMajor)==RowMajor)
       ^
/usr/include/eigen3/Eigen/src/Core/PlainObjectBase.h: In instantiation of ‘static void Eigen::PlainObjectBase<Derived>::_check_template_params() [with Derived = Eigen::Matrix<double, 24, 1, 1, 24, 1>]’:
/usr/include/eigen3/Eigen/src/Core/Matrix.h:205:36:   required from ‘Eigen::Matrix<_Scalar, _Rows, _Cols, _Options, _MaxRows, _MaxCols>::Matrix() [with _Scalar = double; int _Rows = 24; int _Cols = 1; int _Options = 1; int _MaxRows = 24; int _MaxCols = 1]’
/home/justin/Research/CHARM/charm/trunk/wam/libwamtiming/src/../../../third-party/libbarrett-1.2.1/include/barrett/math/detail/matrix-inl.h:101:14:   required from ‘barrett::math::Matrix<R, C, Units>::Matrix(double) [with int R = 24; int C = 1; Units = void]’
/home/justin/Research/CHARM/charm/trunk/wam/libwamtiming/src/../../../third-party/libbarrett-1.2.1/include/barrett/products/tactile_puck.h:30:47:   required from here
/usr/include/eigen3/Eigen/src/Core/util/StaticAssert.h:112:9: error: ‘INVALID_MATRIX_TEMPLATE_PARAMETERS’ is not a member of ‘Eigen::internal::static_assertion<false>’
         if (Eigen::internal::static_assertion<bool(CONDITION)>::MSG) {}
         ^
/usr/include/eigen3/Eigen/src/Core/PlainObjectBase.h:654:7: note: in expansion of macro ‘EIGEN_STATIC_ASSERT’
       EIGEN_STATIC_ASSERT((EIGEN_IMPLIES(MaxRowsAtCompileTime==1 && MaxColsAtCompileTime!=1, (Options&RowMajor)==RowMajor)
       ^
make[2]: *** [wam/libwamtiming/src/CMakeFiles/wamtiming.dir/wamarmposer.cc.o] Error 1
make[1]: *** [wam/libwamtiming/src/CMakeFiles/wamtiming.dir/all] Error 2
make: *** [all] Error 2
